TN:
SF:app/components/AccommodationTypeSelector.js
FN:15,(anonymous_0)
FN:34,(anonymous_1)
FN:43,(anonymous_2)
FN:54,(anonymous_3)
FN:56,(anonymous_4)
FN:61,(anonymous_5)
FN:79,(anonymous_6)
FN:80,(anonymous_7)
FN:81,(anonymous_8)
FN:118,(anonymous_9)
FN:126,(anonymous_10)
FN:160,(anonymous_11)
FN:170,(anonymous_12)
FNF:13
FNH:0
FNDA:0,(anonymous_0)
FNDA:0,(anonymous_1)
FNDA:0,(anonymous_2)
FNDA:0,(anonymous_3)
FNDA:0,(anonymous_4)
FNDA:0,(anonymous_5)
FNDA:0,(anonymous_6)
FNDA:0,(anonymous_7)
FNDA:0,(anonymous_8)
FNDA:0,(anonymous_9)
FNDA:0,(anonymous_10)
FNDA:0,(anonymous_11)
FNDA:0,(anonymous_12)
DA:15,0
DA:30,0
DA:31,0
DA:32,0
DA:34,0
DA:35,0
DA:36,0
DA:38,0
DA:39,0
DA:42,0
DA:43,0
DA:44,0
DA:45,0
DA:46,0
DA:47,0
DA:54,0
DA:55,0
DA:56,0
DA:58,0
DA:61,0
DA:62,0
DA:63,0
DA:65,0
DA:66,0
DA:69,0
DA:79,0
DA:80,0
DA:81,0
DA:118,0
DA:126,0
DA:161,0
DA:162,0
DA:163,0
DA:170,0
DA:194,0
LF:35
LH:0
BRDA:18,0,0,0
BRDA:20,1,0,0
BRDA:25,2,0,0
BRDA:26,3,0,0
BRDA:27,4,0,0
BRDA:35,5,0,0
BRDA:35,5,1,0
BRDA:38,6,0,0
BRDA:38,6,1,0
BRDA:38,7,0,0
BRDA:38,7,1,0
BRDA:44,8,0,0
BRDA:44,8,1,0
BRDA:45,9,0,0
BRDA:45,9,1,0
BRDA:46,10,0,0
BRDA:46,10,1,0
BRDA:48,11,0,0
BRDA:48,11,1,0
BRDA:55,12,0,0
BRDA:55,12,1,0
BRDA:56,13,0,0
BRDA:56,13,1,0
BRDA:58,14,0,0
BRDA:58,14,1,0
BRDA:62,15,0,0
BRDA:62,15,1,0
BRDA:71,16,0,0
BRDA:71,16,1,0
BRDA:76,17,0,0
BRDA:76,17,1,0
BRDA:77,18,0,0
BRDA:77,18,1,0
BRDA:90,19,0,0
BRDA:90,19,1,0
BRDA:91,20,0,0
BRDA:91,20,1,0
BRDA:94,21,0,0
BRDA:94,21,1,0
BRDA:99,22,0,0
BRDA:99,22,1,0
BRDA:106,23,0,0
BRDA:106,23,1,0
BRDA:106,23,2,0
BRDA:109,24,0,0
BRDA:109,24,1,0
BRDA:109,24,2,0
BRDA:113,25,0,0
BRDA:113,25,1,0
BRDA:134,26,0,0
BRDA:134,26,1,0
BRDA:146,27,0,0
BRDA:146,27,1,0
BRDA:149,28,0,0
BRDA:149,28,1,0
BRDA:161,29,0,0
BRDA:161,29,1,0
BRDA:165,30,0,0
BRDA:165,30,1,0
BRDA:168,31,0,0
BRDA:168,31,1,0
BRDA:176,32,0,0
BRDA:176,32,1,0
BRDA:179,33,0,0
BRDA:179,33,1,0
BRF:65
BRH:0
end_of_record
TN:
SF:app/components/BackButton.js
FN:6,(anonymous_0)
FNF:1
FNH:0
FNDA:0,(anonymous_0)
DA:6,0
DA:17,0
DA:36,0
LF:3
LH:0
BRDA:13,0,0,0
BRDA:14,1,0,0
BRDA:27,2,0,0
BRDA:27,2,1,0
BRDA:29,3,0,0
BRDA:29,3,1,0
BRDA:29,4,0,0
BRDA:29,4,1,0
BRF:8
BRH:0
end_of_record
TN:
SF:app/components/Button.js
FN:12,(anonymous_0)
FNF:1
FNH:0
FNDA:0,(anonymous_0)
DA:12,0
DA:23,0
DA:31,0
DA:38,0
DA:59,0
LF:5
LH:0
BRDA:15,0,0,0
BRDA:16,1,0,0
BRDA:17,2,0,0
BRDA:18,3,0,0
BRDA:27,4,0,0
BRDA:27,4,1,0
BRDA:34,5,0,0
BRDA:34,5,1,0
BRDA:42,6,0,0
BRDA:42,6,1,0
BRDA:45,7,0,0
BRDA:45,7,1,0
BRDA:47,8,0,0
BRDA:47,8,1,0
BRDA:51,9,0,0
BRDA:51,9,1,0
BRF:16
BRH:0
end_of_record
TN:
SF:app/components/Card.js
FN:6,(anonymous_0)
FNF:1
FNH:0
FNDA:0,(anonymous_0)
DA:6,0
DA:12,0
DA:14,0
DA:25,0
LF:4
LH:0
BRDA:10,0,0,0
BRDA:12,1,0,0
BRDA:12,1,1,0
BRDA:12,2,0,0
BRDA:12,2,1,0
BRDA:18,3,0,0
BRDA:18,3,1,0
BRDA:18,4,0,0
BRDA:18,4,1,0
BRF:9
BRH:0
end_of_record
TN:
SF:app/components/CategoryStatusList.js
FN:11,(anonymous_0)
FN:26,(anonymous_1)
FN:94,(anonymous_2)
FN:101,(anonymous_3)
FN:105,(anonymous_4)
FNF:5
FNH:0
FNDA:0,(anonymous_0)
FNDA:0,(anonymous_1)
FNDA:0,(anonymous_2)
FNDA:0,(anonymous_3)
FNDA:0,(anonymous_4)
DA:11,0
DA:23,0
DA:26,0
DA:27,0
DA:29,0
DA:35,0
DA:42,0
DA:50,0
DA:52,0
DA:94,0
DA:99,0
DA:102,0
DA:105,0
DA:113,0
LF:14
LH:0
BRDA:14,0,0,0
BRDA:22,1,0,0
BRDA:27,2,0,0
BRDA:27,2,1,0
BRDA:27,2,2,0
BRDA:27,2,3,0
BRDA:79,3,0,0
BRDA:79,3,1,0
BRDA:79,3,2,0
BRDA:79,3,3,0
BRDA:86,4,0,0
BRDA:86,4,1,0
BRDA:95,5,0,0
BRDA:97,6,0,0
BRDA:103,7,0,0
BRDA:103,7,1,0
BRDA:105,8,0,0
BRDA:105,8,1,0
BRF:18
BRH:0
end_of_record
TN:
SF:app/components/CollapsibleSection.js
FN:15,(anonymous_0)
FN:27,(anonymous_1)
FN:43,(anonymous_2)
FN:53,(anonymous_3)
FN:63,(anonymous_4)
FNF:5
FNH:0
FNDA:0,(anonymous_0)
FNDA:0,(anonymous_1)
FNDA:0,(anonymous_2)
FNDA:0,(anonymous_3)
FNDA:0,(anonymous_4)
DA:15,0
DA:25,0
DA:27,0
DA:28,0
DA:29,0
DA:32,0
DA:33,0
DA:35,0
DA:36,0
DA:40,0
DA:41,0
DA:43,0
DA:44,0
DA:45,0
DA:46,0
DA:47,0
DA:49,0
DA:53,0
DA:54,0
DA:55,0
DA:56,0
DA:57,0
DA:59,0
DA:63,0
DA:64,0
DA:67,0
DA:110,0
LF:27
LH:0
BRDA:18,0,0,0
BRDA:19,1,0,0
BRDA:28,2,0,0
BRDA:28,2,1,0
BRDA:35,3,0,0
BRDA:35,3,1,0
BRDA:40,4,0,0
BRDA:40,4,1,0
BRDA:44,5,0,0
BRDA:44,5,1,0
BRDA:46,6,0,0
BRDA:46,6,1,0
BRDA:54,7,0,0
BRDA:54,7,1,0
BRDA:56,8,0,0
BRDA:56,8,1,0
BRDA:64,9,0,0
BRDA:64,9,1,0
BRDA:101,10,0,0
BRDA:101,10,1,0
BRF:20
BRH:0
end_of_record
TN:
SF:app/components/CompletionSummaryCard.js
FN:10,(anonymous_0)
FN:16,(anonymous_1)
FNF:2
FNH:0
FNDA:0,(anonymous_0)
FNDA:0,(anonymous_1)
DA:10,0
DA:16,0
DA:17,0
DA:18,0
DA:25,0
DA:26,0
DA:34,0
DA:44,0
DA:46,0
DA:91,0
LF:10
LH:0
BRDA:11,0,0,0
BRDA:12,1,0,0
BRDA:13,2,0,0
BRDA:17,3,0,0
BRDA:17,3,1,0
BRDA:25,4,0,0
BRDA:25,4,1,0
BRDA:66,5,0,0
BRDA:66,5,1,0
BRDA:80,6,0,0
BRDA:80,6,1,0
BRF:11
BRH:0
end_of_record
TN:
SF:app/components/ConnectivityTestRunner.js
FN:13,(anonymous_0)
FN:20,(anonymous_1)
FN:29,(anonymous_2)
FN:32,(anonymous_3)
FN:47,(anonymous_4)
FN:83,(anonymous_5)
FN:154,(anonymous_6)
FN:215,(anonymous_7)
FN:256,(anonymous_8)
FN:287,(anonymous_9)
FN:291,(anonymous_10)
FN:321,(anonymous_11)
FNF:12
FNH:0
FNDA:0,(anonymous_0)
FNDA:0,(anonymous_1)
FNDA:0,(anonymous_2)
FNDA:0,(anonymous_3)
FNDA:0,(anonymous_4)
FNDA:0,(anonymous_5)
FNDA:0,(anonymous_6)
FNDA:0,(anonymous_7)
FNDA:0,(anonymous_8)
FNDA:0,(anonymous_9)
FNDA:0,(anonymous_10)
FNDA:0,(anonymous_11)
DA:6,0
DA:7,0
DA:9,0
DA:10,0
DA:13,0
DA:14,0
DA:15,0
DA:17,0
DA:18,0
DA:20,0
DA:21,0
DA:22,0
DA:29,0
DA:32,0
DA:33,0
DA:34,0
DA:40,0
DA:41,0
DA:42,0
DA:43,0
DA:44,0
DA:45,0
DA:46,0
DA:47,0
DA:49,0
DA:57,0
DA:58,0
DA:60,0
DA:70,0
DA:83,0
DA:84,0
DA:85,0
DA:86,0
DA:94,0
DA:97,0
DA:98,0
DA:104,0
DA:105,0
DA:106,0
DA:107,0
DA:108,0
DA:109,0
DA:111,0
DA:122,0
DA:123,0
DA:126,0
DA:127,0
DA:129,0
DA:139,0
DA:140,0
DA:154,0
DA:155,0
DA:156,0
DA:157,0
DA:160,0
DA:161,0
DA:162,0
DA:163,0
DA:164,0
DA:179,0
DA:189,0
DA:199,0
DA:200,0
DA:211,0
DA:212,0
DA:213,0
DA:214,0
DA:215,0
DA:217,0
DA:234,0
DA:235,0
DA:245,0
DA:256,0
DA:257,0
DA:258,0
DA:260,0
DA:262,0
DA:263,0
DA:265,0
DA:266,0
DA:267,0
DA:269,0
DA:270,0
DA:271,0
DA:273,0
DA:274,0
DA:275,0
DA:277,0
DA:278,0
DA:280,0
DA:281,0
DA:283,0
DA:287,0
DA:288,0
DA:291,0
DA:292,0
DA:293,0
DA:294,0
DA:297,0
DA:322,0
DA:358,0
LF:101
LH:0
BRDA:52,0,0,0
BRDA:52,0,1,0
BRDA:84,1,0,0
BRDA:84,1,1,0
BRDA:122,2,0,0
BRDA:122,2,1,0
BRDA:146,3,0,0
BRDA:146,3,1,0
BRDA:160,4,0,0
BRDA:160,4,1,0
BRDA:195,5,0,0
BRDA:195,5,1,0
BRDA:292,6,0,0
BRDA:292,6,1,0
BRDA:293,7,0,0
BRDA:293,7,1,0
BRDA:293,8,0,0
BRDA:293,8,1,0
BRDA:306,9,0,0
BRDA:306,9,1,0
BRDA:311,10,0,0
BRDA:311,10,1,0
BRDA:334,11,0,0
BRDA:334,11,1,0
BRDA:350,12,0,0
BRDA:350,12,1,0
BRDA:350,12,2,0
BRF:27
BRH:0
end_of_record
TN:
SF:app/components/CountryCard.js
FN:6,(anonymous_0)
FNF:1
FNH:0
FNDA:0,(anonymous_0)
DA:6,0
DA:15,0
DA:74,0
DA:76,0
DA:120,0
LF:5
LH:0
BRDA:11,0,0,0
BRDA:12,1,0,0
BRDA:13,2,0,0
BRDA:74,3,0,0
BRDA:74,3,1,0
BRDA:80,4,0,0
BRDA:80,4,1,0
BRDA:81,5,0,0
BRDA:81,5,1,0
BRDA:83,6,0,0
BRDA:83,6,1,0
BRDA:85,7,0,0
BRDA:85,7,1,0
BRDA:93,8,0,0
BRDA:93,8,1,0
BRDA:106,9,0,0
BRDA:106,9,1,0
BRDA:109,10,0,0
BRDA:109,10,1,0
BRDA:111,11,0,0
BRDA:111,11,1,0
BRF:21
BRH:0
end_of_record
TN:
SF:app/components/DataChangeAlert.js
FN:21,(anonymous_0)
FN:38,(anonymous_1)
FN:54,(anonymous_2)
FN:64,(anonymous_3)
FN:80,(anonymous_4)
FN:90,(anonymous_5)
FN:97,(anonymous_6)
FN:102,(anonymous_7)
FN:112,(anonymous_8)
FN:162,(anonymous_9)
FN:168,(anonymous_10)
FN:180,(anonymous_11)
FN:194,(anonymous_12)
FNF:13
FNH:0
FNDA:0,(anonymous_0)
FNDA:0,(anonymous_1)
FNDA:0,(anonymous_2)
FNDA:0,(anonymous_3)
FNDA:0,(anonymous_4)
FNDA:0,(anonymous_5)
FNDA:0,(anonymous_6)
FNDA:0,(anonymous_7)
FNDA:0,(anonymous_8)
FNDA:0,(anonymous_9)
FNDA:0,(anonymous_10)
FNDA:0,(anonymous_11)
FNDA:0,(anonymous_12)
DA:21,0
DA:29,0
DA:30,0
DA:32,0
DA:33,0
DA:36,0
DA:38,0
DA:39,0
DA:55,0
DA:56,0
DA:64,0
DA:65,0
DA:81,0
DA:82,0
DA:90,0
DA:91,0
DA:92,0
DA:93,0
DA:97,0
DA:98,0
DA:102,0
DA:112,0
DA:163,0
DA:169,0
DA:181,0
DA:182,0
DA:195,0
DA:196,0
DA:210,0
DA:280,0
LF:30
LH:0
BRDA:26,0,0,0
BRDA:32,1,0,0
BRDA:32,1,1,0
BRDA:32,2,0,0
BRDA:32,2,1,0
BRDA:55,3,0,0
BRDA:55,3,1,0
BRDA:81,4,0,0
BRDA:81,4,1,0
BRDA:92,5,0,0
BRDA:92,5,1,0
BRDA:134,6,0,0
BRDA:134,6,1,0
BRDA:147,7,0,0
BRDA:147,7,1,0
BRDA:215,8,0,0
BRDA:215,8,1,0
BRDA:219,9,0,0
BRDA:219,9,1,0
BRDA:224,10,0,0
BRDA:224,10,1,0
BRDA:258,11,0,0
BRDA:258,11,1,0
BRF:23
BRH:0
end_of_record
TN:
SF:app/components/DateTimeInput.js
FN:14,(anonymous_0)
FN:29,(anonymous_1)
FN:40,(anonymous_2)
FN:53,(anonymous_3)
FN:70,(anonymous_4)
FN:95,(anonymous_5)
FN:98,(anonymous_6)
FN:101,(anonymous_7)
FN:103,(anonymous_8)
FN:104,(anonymous_9)
FN:105,(anonymous_10)
FN:106,(anonymous_11)
FN:107,(anonymous_12)
FN:109,(anonymous_13)
FN:118,(anonymous_14)
FN:141,(anonymous_15)
FN:145,(anonymous_16)
FN:166,(anonymous_17)
FN:208,(anonymous_18)
FN:217,(anonymous_19)
FN:226,(anonymous_20)
FN:238,(anonymous_21)
FN:248,(anonymous_22)
FNF:23
FNH:0
FNDA:0,(anonymous_0)
FNDA:0,(anonymous_1)
FNDA:0,(anonymous_2)
FNDA:0,(anonymous_3)
FNDA:0,(anonymous_4)
FNDA:0,(anonymous_5)
FNDA:0,(anonymous_6)
FNDA:0,(anonymous_7)
FNDA:0,(anonymous_8)
FNDA:0,(anonymous_9)
FNDA:0,(anonymous_10)
FNDA:0,(anonymous_11)
FNDA:0,(anonymous_12)
FNDA:0,(anonymous_13)
FNDA:0,(anonymous_14)
FNDA:0,(anonymous_15)
FNDA:0,(anonymous_16)
FNDA:0,(anonymous_17)
FNDA:0,(anonymous_18)
FNDA:0,(anonymous_19)
FNDA:0,(anonymous_20)
FNDA:0,(anonymous_21)
FNDA:0,(anonymous_22)
DA:14,0
DA:26,0
DA:29,0
DA:30,0
DA:31,0
DA:32,0
DA:40,0
DA:41,0
DA:42,0
DA:43,0
DA:49,0
DA:50,0
DA:53,0
DA:54,0
DA:56,0
DA:59,0
DA:63,0
DA:64,0
DA:65,0
DA:66,0
DA:67,0
DA:70,0
DA:71,0
DA:72,0
DA:73,0
DA:74,0
DA:75,0
DA:76,0
DA:77,0
DA:78,0
DA:79,0
DA:80,0
DA:82,0
DA:83,0
DA:84,0
DA:89,0
DA:93,0
DA:95,0
DA:96,0
DA:98,0
DA:101,0
DA:103,0
DA:104,0
DA:105,0
DA:106,0
DA:107,0
DA:109,0
DA:110,0
DA:111,0
DA:112,0
DA:113,0
DA:114,0
DA:115,0
DA:118,0
DA:120,0
DA:121,0
DA:122,0
DA:123,0
DA:125,0
DA:126,0
DA:127,0
DA:129,0
DA:130,0
DA:131,0
DA:132,0
DA:133,0
DA:134,0
DA:135,0
DA:136,0
DA:137,0
DA:139,0
DA:141,0
DA:145,0
DA:147,0
DA:148,0
DA:149,0
DA:150,0
DA:151,0
DA:152,0
DA:153,0
DA:154,0
DA:155,0
DA:157,0
DA:160,0
DA:166,0
DA:209,0
DA:218,0
DA:227,0
DA:239,0
DA:249,0
DA:262,0
LF:91
LH:0
BRDA:18,0,0,0
BRDA:24,1,0,0
BRDA:30,2,0,0
BRDA:30,2,1,0
BRDA:33,3,0,0
BRDA:33,3,1,0
BRDA:34,4,0,0
BRDA:34,4,1,0
BRDA:35,5,0,0
BRDA:35,5,1,0
BRDA:41,6,0,0
BRDA:41,6,1,0
BRDA:44,7,0,0
BRDA:44,7,1,0
BRDA:45,8,0,0
BRDA:45,8,1,0
BRDA:49,9,0,0
BRDA:49,9,1,0
BRDA:50,10,0,0
BRDA:50,10,1,0
BRDA:54,11,0,0
BRDA:54,11,1,0
BRDA:63,12,0,0
BRDA:63,12,1,0
BRDA:64,13,0,0
BRDA:64,13,1,0
BRDA:65,14,0,0
BRDA:65,14,1,0
BRDA:66,15,0,0
BRDA:66,15,1,0
BRDA:67,16,0,0
BRDA:67,16,1,0
BRDA:71,17,0,0
BRDA:71,17,1,0
BRDA:71,18,0,0
BRDA:71,18,1,0
BRDA:76,19,0,0
BRDA:76,19,1,0
BRDA:76,20,0,0
BRDA:76,20,1,0
BRDA:80,21,0,0
BRDA:80,21,1,0
BRDA:80,22,0,0
BRDA:80,22,1,0
BRDA:93,23,0,0
BRDA:93,23,1,0
BRDA:96,24,0,0
BRDA:96,24,1,0
BRDA:114,25,0,0
BRDA:114,25,1,0
BRDA:114,26,0,0
BRDA:114,26,1,0
BRDA:120,27,0,0
BRDA:120,27,1,0
BRDA:139,28,0,0
BRDA:139,28,1,0
BRDA:147,29,0,0
BRDA:147,29,1,0
BRDA:147,30,0,0
BRDA:147,30,1,0
BRDA:152,31,0,0
BRDA:152,31,1,0
BRDA:152,32,0,0
BRDA:152,32,1,0
BRDA:162,33,0,0
BRDA:162,33,1,0
BRDA:165,34,0,0
BRDA:165,34,1,0
BRDA:168,35,0,0
BRDA:168,35,1,0
BRDA:173,36,0,0
BRDA:173,36,1,0
BRDA:173,36,2,0
BRDA:176,37,0,0
BRDA:176,37,1,0
BRDA:176,37,2,0
BRDA:193,38,0,0
BRDA:193,38,1,0
BRDA:201,39,0,0
BRDA:201,39,1,0
BRDA:311,40,0,0
BRDA:311,40,1,0
BRF:82
BRH:0
end_of_record
TN:
SF:app/components/EntryPackDisplay.js
FN:12,(anonymous_0)
FN:24,(anonymous_1)
FN:30,(anonymous_2)
FN:35,(anonymous_3)
FN:49,(anonymous_4)
FN:72,(anonymous_5)
FN:87,(anonymous_6)
FN:89,(anonymous_7)
FN:95,(anonymous_8)
FN:120,(anonymous_9)
FN:138,(anonymous_10)
FN:157,(anonymous_11)
FN:193,(anonymous_12)
FN:236,(anonymous_13)
FN:241,(anonymous_14)
FN:278,(anonymous_15)
FN:311,(anonymous_16)
FN:347,(anonymous_17)
FN:388,(anonymous_18)
FN:392,(anonymous_19)
FNF:20
FNH:0
FNDA:0,(anonymous_0)
FNDA:0,(anonymous_1)
FNDA:0,(anonymous_2)
FNDA:0,(anonymous_3)
FNDA:0,(anonymous_4)
FNDA:0,(anonymous_5)
FNDA:0,(anonymous_6)
FNDA:0,(anonymous_7)
FNDA:0,(anonymous_8)
FNDA:0,(anonymous_9)
FNDA:0,(anonymous_10)
FNDA:0,(anonymous_11)
FNDA:0,(anonymous_12)
FNDA:0,(anonymous_13)
FNDA:0,(anonymous_14)
FNDA:0,(anonymous_15)
FNDA:0,(anonymous_16)
FNDA:0,(anonymous_17)
FNDA:0,(anonymous_18)
FNDA:0,(anonymous_19)
DA:9,0
DA:10,0
DA:12,0
DA:20,0
DA:22,0
DA:24,0
DA:25,0
DA:26,0
DA:27,0
DA:29,0
DA:30,0
DA:32,0
DA:33,0
DA:34,0
DA:35,0
DA:39,0
DA:40,0
DA:41,0
DA:42,0
DA:45,0
DA:46,0
DA:49,0
DA:50,0
DA:51,0
DA:52,0
DA:53,0
DA:55,0
DA:60,0
DA:66,0
DA:68,0
DA:72,0
DA:73,0
DA:75,0
DA:76,0
DA:77,0
DA:80,0
DA:81,0
DA:82,0
DA:84,0
DA:87,0
DA:88,0
DA:89,0
DA:90,0
DA:91,0
DA:95,0
DA:96,0
DA:105,0
DA:106,0
DA:107,0
DA:110,0
DA:120,0
DA:121,0
DA:123,0
DA:124,0
DA:127,0
DA:128,0
DA:131,0
DA:132,0
DA:135,0
DA:138,0
DA:139,0
DA:141,0
DA:143,0
DA:145,0
DA:147,0
DA:149,0
DA:151,0
DA:153,0
DA:157,0
DA:158,0
DA:193,0
DA:194,0
DA:236,0
DA:237,0
DA:242,0
DA:278,0
DA:279,0
DA:311,0
DA:312,0
DA:347,0
DA:348,0
DA:350,0
DA:352,0
DA:354,0
DA:356,0
DA:358,0
DA:360,0
DA:364,0
DA:372,0
DA:389,0
DA:392,0
DA:419,0
LF:92
LH:0
BRDA:18,0,0,0
BRDA:25,1,0,0
BRDA:25,1,1,0
BRDA:25,2,0,0
BRDA:25,2,1,0
BRDA:27,3,0,0
BRDA:27,3,1,0
BRDA:32,4,0,0
BRDA:32,4,1,0
BRDA:35,5,0,0
BRDA:35,5,1,0
BRDA:35,5,2,0
BRDA:39,6,0,0
BRDA:39,6,1,0
BRDA:40,7,0,0
BRDA:40,7,1,0
BRDA:40,7,2,0
BRDA:41,8,0,0
BRDA:41,8,1,0
BRDA:45,9,0,0
BRDA:45,9,1,0
BRDA:50,10,0,0
BRDA:50,10,1,0
BRDA:53,11,0,0
BRDA:53,11,1,0
BRDA:72,12,0,0
BRDA:73,13,0,0
BRDA:73,13,1,0
BRDA:73,14,0,0
BRDA:73,14,1,0
BRDA:76,15,0,0
BRDA:76,15,1,0
BRDA:82,16,0,0
BRDA:82,16,1,0
BRDA:88,17,0,0
BRDA:88,17,1,0
BRDA:91,18,0,0
BRDA:91,18,1,0
BRDA:107,19,0,0
BRDA:107,19,1,0
BRDA:121,20,0,0
BRDA:121,20,1,0
BRDA:123,21,0,0
BRDA:123,21,1,0
BRDA:123,22,0,0
BRDA:123,22,1,0
BRDA:127,23,0,0
BRDA:127,23,1,0
BRDA:131,24,0,0
BRDA:131,24,1,0
BRDA:139,25,0,0
BRDA:139,25,1,0
BRDA:139,25,2,0
BRDA:139,25,3,0
BRDA:139,25,4,0
BRDA:139,25,5,0
BRDA:139,25,6,0
BRDA:153,26,0,0
BRDA:153,26,1,0
BRDA:165,27,0,0
BRDA:165,27,1,0
BRDA:165,27,2,0
BRDA:172,28,0,0
BRDA:172,28,1,0
BRDA:172,28,2,0
BRDA:179,29,0,0
BRDA:179,29,1,0
BRDA:179,29,2,0
BRDA:186,30,0,0
BRDA:186,30,1,0
BRDA:201,31,0,0
BRDA:201,31,1,0
BRDA:208,32,0,0
BRDA:208,32,1,0
BRDA:215,33,0,0
BRDA:215,33,1,0
BRDA:215,33,2,0
BRDA:222,34,0,0
BRDA:222,34,1,0
BRDA:222,34,2,0
BRDA:229,35,0,0
BRDA:229,35,1,0
BRDA:240,36,0,0
BRDA:240,36,1,0
BRDA:240,37,0,0
BRDA:240,37,1,0
BRDA:252,38,0,0
BRDA:252,38,1,0
BRDA:252,38,2,0
BRDA:254,39,0,0
BRDA:254,39,1,0
BRDA:258,40,0,0
BRDA:258,40,1,0
BRDA:258,40,2,0
BRDA:282,41,0,0
BRDA:282,41,1,0
BRDA:282,42,0,0
BRDA:282,42,1,0
BRDA:319,43,0,0
BRDA:319,43,1,0
BRDA:319,43,2,0
BRDA:326,44,0,0
BRDA:326,44,1,0
BRDA:348,45,0,0
BRDA:348,45,1,0
BRDA:348,45,2,0
BRDA:348,45,3,0
BRDA:348,45,4,0
BRDA:348,45,5,0
BRDA:373,46,0,0
BRDA:373,46,1,0
BRDA:379,47,0,0
BRDA:379,47,1,0
BRDA:391,48,0,0
BRDA:391,48,1,0
BRDA:394,49,0,0
BRDA:394,49,1,0
BRDA:397,50,0,0
BRDA:397,50,1,0
BRF:119
BRH:0
end_of_record
TN:
SF:app/components/EntryPackStatusBanner.js
FN:7,(anonymous_0)
FN:13,(anonymous_1)
FN:75,(anonymous_2)
FNF:3
FNH:0
FNDA:0,(anonymous_0)
FNDA:0,(anonymous_1)
FNDA:0,(anonymous_2)
DA:7,0
DA:13,0
DA:14,0
DA:16,0
DA:24,0
DA:32,0
DA:40,0
DA:48,0
DA:56,0
DA:65,0
DA:75,0
DA:76,0
DA:78,0
DA:79,0
DA:80,0
DA:82,0
DA:91,0
DA:100,0
DA:102,0
DA:106,0
DA:108,0
DA:161,0
LF:22
LH:0
BRDA:11,0,0,0
BRDA:14,1,0,0
BRDA:14,1,1,0
BRDA:14,1,2,0
BRDA:14,1,3,0
BRDA:14,1,4,0
BRDA:14,1,5,0
BRDA:14,1,6,0
BRDA:14,1,7,0
BRDA:76,2,0,0
BRDA:76,2,1,0
BRDA:80,3,0,0
BRDA:80,3,1,0
BRDA:126,4,0,0
BRDA:126,4,1,0
BRDA:137,5,0,0
BRDA:137,5,1,0
BRDA:150,6,0,0
BRDA:150,6,1,0
BRF:19
BRH:0
end_of_record
TN:
SF:app/components/FundItemDetailModal.js
FN:25,(anonymous_0)
FN:54,(anonymous_1)
FN:55,(anonymous_2)
FN:56,(anonymous_3)
FN:62,(anonymous_4)
FN:86,(anonymous_5)
FN:142,(anonymous_6)
FN:183,(anonymous_7)
FN:197,(anonymous_8)
FN:230,(anonymous_9)
FN:233,(anonymous_10)
FN:253,(anonymous_11)
FN:257,(anonymous_12)
FN:280,(anonymous_13)
FN:291,(anonymous_14)
FN:311,(anonymous_15)
FN:326,(anonymous_16)
FN:350,(anonymous_17)
FN:378,(anonymous_18)
FN:522,(anonymous_19)
FN:537,(anonymous_20)
FN:544,(anonymous_21)
FN:601,(anonymous_22)
FN:627,(anonymous_23)
FN:658,(anonymous_24)
FN:679,(anonymous_25)
FN:707,(anonymous_26)
FN:711,(anonymous_27)
FN:732,(anonymous_28)
FN:780,(anonymous_29)
FN:811,(anonymous_30)
FN:909,(anonymous_31)
FN:914,(anonymous_32)
FN:956,(anonymous_33)
FN:984,(anonymous_34)
FN:992,(anonymous_35)
FN:1005,(anonymous_36)
FN:1017,(anonymous_37)
FN:1024,(anonymous_38)
FN:1049,(anonymous_39)
FN:1079,(anonymous_40)
FN:1107,(anonymous_41)
FN:1257,(anonymous_42)
FN:1306,(anonymous_43)
FN:1439,(anonymous_44)
FN:1442,(anonymous_45)
FN:1504,(anonymous_46)
FNF:47
FNH:0
FNDA:0,(anonymous_0)
FNDA:0,(anonymous_1)
FNDA:0,(anonymous_2)
FNDA:0,(anonymous_3)
FNDA:0,(anonymous_4)
FNDA:0,(anonymous_5)
FNDA:0,(anonymous_6)
FNDA:0,(anonymous_7)
FNDA:0,(anonymous_8)
FNDA:0,(anonymous_9)
FNDA:0,(anonymous_10)
FNDA:0,(anonymous_11)
FNDA:0,(anonymous_12)
FNDA:0,(anonymous_13)
FNDA:0,(anonymous_14)
FNDA:0,(anonymous_15)
FNDA:0,(anonymous_16)
FNDA:0,(anonymous_17)
FNDA:0,(anonymous_18)
FNDA:0,(anonymous_19)
FNDA:0,(anonymous_20)
FNDA:0,(anonymous_21)
FNDA:0,(anonymous_22)
FNDA:0,(anonymous_23)
FNDA:0,(anonymous_24)
FNDA:0,(anonymous_25)
FNDA:0,(anonymous_26)
FNDA:0,(anonymous_27)
FNDA:0,(anonymous_28)
FNDA:0,(anonymous_29)
FNDA:0,(anonymous_30)
FNDA:0,(anonymous_31)
FNDA:0,(anonymous_32)
FNDA:0,(anonymous_33)
FNDA:0,(anonymous_34)
FNDA:0,(anonymous_35)
FNDA:0,(anonymous_36)
FNDA:0,(anonymous_37)
FNDA:0,(anonymous_38)
FNDA:0,(anonymous_39)
FNDA:0,(anonymous_40)
FNDA:0,(anonymous_41)
FNDA:0,(anonymous_42)
FNDA:0,(anonymous_43)
FNDA:0,(anonymous_44)
FNDA:0,(anonymous_45)
FNDA:0,(anonymous_46)
DA:25,0
DA:36,0
DA:37,0
DA:38,0
DA:39,0
DA:40,0
DA:43,0
DA:44,0
DA:45,0
DA:46,0
DA:47,0
DA:48,0
DA:49,0
DA:52,0
DA:54,0
DA:55,0
DA:58,0
DA:59,0
DA:60,0
DA:64,0
DA:65,0
DA:66,0
DA:68,0
DA:73,0
DA:74,0
DA:76,0
DA:77,0
DA:78,0
DA:80,0
DA:82,0
DA:83,0
DA:87,0
DA:90,0
DA:91,0
DA:105,0
DA:106,0
DA:107,0
DA:114,0
DA:115,0
DA:116,0
DA:117,0
DA:120,0
DA:124,0
DA:127,0
DA:142,0
DA:143,0
DA:144,0
DA:145,0
DA:154,0
DA:155,0
DA:156,0
DA:157,0
DA:158,0
DA:160,0
DA:162,0
DA:163,0
DA:164,0
DA:166,0
DA:168,0
DA:173,0
DA:177,0
DA:178,0
DA:183,0
DA:184,0
DA:185,0
DA:197,0
DA:198,0
DA:199,0
DA:200,0
DA:204,0
DA:205,0
DA:206,0
DA:207,0
DA:208,0
DA:209,0
DA:211,0
DA:212,0
DA:213,0
DA:215,0
DA:217,0
DA:222,0
DA:230,0
DA:231,0
DA:233,0
DA:234,0
DA:236,0
DA:237,0
DA:238,0
DA:240,0
DA:241,0
DA:242,0
DA:244,0
DA:245,0
DA:248,0
DA:249,0
DA:253,0
DA:257,0
DA:258,0
DA:259,0
DA:266,0
DA:275,0
DA:276,0
DA:277,0
DA:280,0
DA:281,0
DA:282,0
DA:283,0
DA:291,0
DA:292,0
DA:293,0
DA:297,0
DA:298,0
DA:299,0
DA:303,0
DA:304,0
DA:308,0
DA:311,0
DA:312,0
DA:313,0
DA:317,0
DA:318,0
DA:322,0
DA:326,0
DA:327,0
DA:328,0
DA:332,0
DA:333,0
DA:334,0
DA:336,0
DA:338,0
DA:343,0
DA:350,0
DA:351,0
DA:352,0
DA:356,0
DA:357,0
DA:358,0
DA:360,0
DA:361,0
DA:363,0
DA:365,0
DA:367,0
DA:373,0
DA:378,0
DA:379,0
DA:386,0
DA:389,0
DA:390,0
DA:392,0
DA:393,0
DA:395,0
DA:396,0
DA:397,0
DA:402,0
DA:406,0
DA:409,0
DA:412,0
DA:413,0
DA:415,0
DA:417,0
DA:419,0
DA:421,0
DA:423,0
DA:431,0
DA:438,0
DA:441,0
DA:442,0
DA:444,0
DA:450,0
DA:451,0
DA:452,0
DA:455,0
DA:458,0
DA:460,0
DA:469,0
DA:478,0
DA:481,0
DA:482,0
DA:484,0
DA:490,0
DA:491,0
DA:492,0
DA:493,0
DA:495,0
DA:498,0
DA:499,0
DA:502,0
DA:513,0
DA:517,0
DA:522,0
DA:523,0
DA:528,0
DA:538,0
DA:545,0
DA:549,0
DA:550,0
DA:552,0
DA:554,0
DA:557,0
DA:559,0
DA:565,0
DA:567,0
DA:573,0
DA:574,0
DA:575,0
DA:579,0
DA:580,0
DA:582,0
DA:587,0
DA:591,0
DA:601,0
DA:602,0
DA:603,0
DA:608,0
DA:609,0
DA:610,0
DA:612,0
DA:614,0
DA:620,0
DA:627,0
DA:628,0
DA:629,0
DA:630,0
DA:631,0
DA:635,0
DA:637,0
DA:638,0
DA:639,0
DA:641,0
DA:643,0
DA:646,0
DA:651,0
DA:658,0
DA:659,0
DA:660,0
DA:664,0
DA:666,0
DA:668,0
DA:674,0
DA:679,0
DA:680,0
DA:681,0
DA:684,0
DA:686,0
DA:688,0
DA:689,0
DA:690,0
DA:696,0
DA:700,0
DA:701,0
DA:707,0
DA:711,0
DA:720,0
DA:725,0
DA:732,0
DA:733,0
DA:734,0
DA:737,0
DA:739,0
DA:741,0
DA:742,0
DA:743,0
DA:749,0
DA:752,0
DA:753,0
DA:761,0
DA:762,0
DA:763,0
DA:765,0
DA:768,0
DA:773,0
DA:780,0
DA:781,0
DA:782,0
DA:784,0
DA:792,0
DA:793,0
DA:794,0
DA:796,0
DA:799,0
DA:804,0
DA:811,0
DA:812,0
DA:813,0
DA:820,0
DA:821,0
DA:825,0
DA:827,0
DA:828,0
DA:829,0
DA:831,0
DA:832,0
DA:834,0
DA:837,0
DA:840,0
DA:843,0
DA:851,0
DA:854,0
DA:864,0
DA:866,0
DA:872,0
DA:874,0
DA:880,0
DA:881,0
DA:882,0
DA:886,0
DA:894,0
DA:900,0
DA:904,0
DA:909,0
DA:910,0
DA:914,0
DA:916,0
DA:920,0
DA:950,0
DA:953,0
DA:956,0
DA:957,0
DA:958,0
DA:961,0
DA:962,0
DA:965,0
DA:971,0
DA:972,0
DA:975,0
DA:978,0
DA:984,0
DA:985,0
DA:987,0
DA:992,0
DA:1005,0
DA:1018,0
DA:1024,0
DA:1049,0
DA:1051,0
DA:1052,0
DA:1054,0
DA:1080,0
DA:1081,0
DA:1107,0
DA:1257,0
DA:1258,0
DA:1259,0
DA:1261,0
DA:1306,0
DA:1307,0
DA:1310,0
DA:1311,0
DA:1312,0
DA:1316,0
DA:1317,0
DA:1318,0
DA:1319,0
DA:1320,0
DA:1321,0
DA:1324,0
DA:1325,0
DA:1327,0
DA:1336,0
DA:1440,0
DA:1443,0
DA:1505,0
DA:1506,0
DA:1507,0
DA:1546,0
DA:1631,0
LF:366
LH:0
BRDA:32,0,0,0
BRDA:33,1,0,0
BRDA:34,2,0,0
BRDA:64,3,0,0
BRDA:64,3,1,0
BRDA:73,4,0,0
BRDA:73,4,1,0
BRDA:80,5,0,0
BRDA:80,5,1,0
BRDA:90,6,0,0
BRDA:90,6,1,0
BRDA:143,7,0,0
BRDA:143,7,1,0
BRDA:143,8,0,0
BRDA:143,8,1,0
BRDA:143,8,2,0
BRDA:147,9,0,0
BRDA:147,9,1,0
BRDA:148,10,0,0
BRDA:148,10,1,0
BRDA:157,11,0,0
BRDA:157,11,1,0
BRDA:158,12,0,0
BRDA:158,12,1,0
BRDA:160,13,0,0
BRDA:160,13,1,0
BRDA:160,13,2,0
BRDA:177,14,0,0
BRDA:177,14,1,0
BRDA:184,15,0,0
BRDA:184,15,1,0
BRDA:198,16,0,0
BRDA:198,16,1,0
BRDA:198,17,0,0
BRDA:198,17,1,0
BRDA:198,17,2,0
BRDA:231,18,0,0
BRDA:231,18,1,0
BRDA:234,19,0,0
BRDA:234,19,1,0
BRDA:238,20,0,0
BRDA:238,20,1,0
BRDA:242,21,0,0
BRDA:242,21,1,0
BRDA:258,22,0,0
BRDA:258,22,1,0
BRDA:275,23,0,0
BRDA:275,23,1,0
BRDA:275,24,0,0
BRDA:275,24,1,0
BRDA:281,25,0,0
BRDA:281,25,1,0
BRDA:283,26,0,0
BRDA:283,26,1,0
BRDA:283,26,2,0
BRDA:283,26,3,0
BRDA:283,26,4,0
BRDA:292,27,0,0
BRDA:292,27,1,0
BRDA:292,28,0,0
BRDA:292,28,1,0
BRDA:298,29,0,0
BRDA:298,29,1,0
BRDA:303,30,0,0
BRDA:303,30,1,0
BRDA:312,31,0,0
BRDA:312,31,1,0
BRDA:312,32,0,0
BRDA:312,32,1,0
BRDA:317,33,0,0
BRDA:317,33,1,0
BRDA:360,34,0,0
BRDA:360,34,1,0
BRDA:361,35,0,0
BRDA:361,35,1,0
BRDA:363,36,0,0
BRDA:363,36,1,0
BRDA:363,36,2,0
BRDA:386,37,0,0
BRDA:386,37,1,0
BRDA:386,38,0,0
BRDA:386,38,1,0
BRDA:389,39,0,0
BRDA:389,39,1,0
BRDA:395,40,0,0
BRDA:395,40,1,0
BRDA:395,41,0,0
BRDA:395,41,1,0
BRDA:396,42,0,0
BRDA:396,42,1,0
BRDA:419,43,0,0
BRDA:419,43,1,0
BRDA:425,44,0,0
BRDA:425,44,1,0
BRDA:426,45,0,0
BRDA:426,45,1,0
BRDA:450,46,0,0
BRDA:450,46,1,0
BRDA:462,47,0,0
BRDA:462,47,1,0
BRDA:463,48,0,0
BRDA:463,48,1,0
BRDA:464,49,0,0
BRDA:464,49,1,0
BRDA:466,50,0,0
BRDA:466,50,1,0
BRDA:478,51,0,0
BRDA:478,51,1,0
BRDA:490,52,0,0
BRDA:490,52,1,0
BRDA:513,53,0,0
BRDA:513,53,1,0
BRDA:514,54,0,0
BRDA:514,54,1,0
BRDA:557,55,0,0
BRDA:557,55,1,0
BRDA:573,56,0,0
BRDA:573,56,1,0
BRDA:629,57,0,0
BRDA:629,57,1,0
BRDA:630,58,0,0
BRDA:630,58,1,0
BRDA:688,59,0,0
BRDA:688,59,1,0
BRDA:741,60,0,0
BRDA:741,60,1,0
BRDA:761,61,0,0
BRDA:761,61,1,0
BRDA:761,62,0,0
BRDA:761,62,1,0
BRDA:761,62,2,0
BRDA:792,63,0,0
BRDA:792,63,1,0
BRDA:792,64,0,0
BRDA:792,64,1,0
BRDA:792,64,2,0
BRDA:825,65,0,0
BRDA:825,65,1,0
BRDA:829,66,0,0
BRDA:829,66,1,0
BRDA:837,67,0,0
BRDA:837,67,1,0
BRDA:856,68,0,0
BRDA:856,68,1,0
BRDA:859,69,0,0
BRDA:859,69,1,0
BRDA:864,70,0,0
BRDA:864,70,1,0
BRDA:880,71,0,0
BRDA:880,71,1,0
BRDA:916,72,0,0
BRDA:916,72,1,0
BRDA:917,73,0,0
BRDA:917,73,1,0
BRDA:918,74,0,0
BRDA:918,74,1,0
BRDA:918,74,2,0
BRDA:950,75,0,0
BRDA:950,75,1,0
BRDA:957,76,0,0
BRDA:957,76,1,0
BRDA:957,77,0,0
BRDA:957,77,1,0
BRDA:957,77,2,0
BRDA:957,77,3,0
BRDA:961,78,0,0
BRDA:961,78,1,0
BRDA:961,79,0,0
BRDA:961,79,1,0
BRDA:966,80,0,0
BRDA:966,80,1,0
BRDA:971,81,0,0
BRDA:971,81,1,0
BRDA:971,82,0,0
BRDA:971,82,1,0
BRDA:985,83,0,0
BRDA:985,83,1,0
BRDA:1022,84,0,0
BRDA:1022,84,1,0
BRDA:1037,85,0,0
BRDA:1037,85,1,0
BRDA:1051,86,0,0
BRDA:1051,86,1,0
BRDA:1051,87,0,0
BRDA:1051,87,1,0
BRDA:1074,88,0,0
BRDA:1074,88,1,0
BRDA:1097,89,0,0
BRDA:1097,89,1,0
BRDA:1105,90,0,0
BRDA:1105,90,1,0
BRDA:1116,91,0,0
BRDA:1116,91,1,0
BRDA:1120,92,0,0
BRDA:1120,92,1,0
BRDA:1155,93,0,0
BRDA:1155,93,1,0
BRDA:1155,94,0,0
BRDA:1155,94,1,0
BRDA:1155,94,2,0
BRDA:1169,95,0,0
BRDA:1169,95,1,0
BRDA:1193,96,0,0
BRDA:1193,96,1,0
BRDA:1216,97,0,0
BRDA:1216,97,1,0
BRDA:1258,98,0,0
BRDA:1258,98,1,0
BRDA:1259,99,0,0
BRDA:1259,99,1,0
BRDA:1310,100,0,0
BRDA:1310,100,1,0
BRDA:1316,101,0,0
BRDA:1316,101,1,0
BRDA:1320,102,0,0
BRDA:1320,102,1,0
BRDA:1321,103,0,0
BRDA:1321,103,1,0
BRDA:1324,104,0,0
BRDA:1324,104,1,0
BRDA:1324,104,2,0
BRDA:1325,105,0,0
BRDA:1325,105,1,0
BRDA:1330,106,0,0
BRDA:1330,106,1,0
BRDA:1331,107,0,0
BRDA:1331,107,1,0
BRDA:1356,108,0,0
BRDA:1356,108,1,0
BRDA:1374,109,0,0
BRDA:1374,109,1,0
BRDA:1407,110,0,0
BRDA:1407,110,1,0
BRDA:1420,111,0,0
BRDA:1420,111,1,0
BRDA:1420,112,0,0
BRDA:1420,112,1,0
BRDA:1435,113,0,0
BRDA:1435,113,1,0
BRDA:1488,114,0,0
BRDA:1488,114,1,0
BRDA:1501,115,0,0
BRDA:1501,115,1,0
BRDA:1506,116,0,0
BRDA:1506,116,1,0
BRDA:1524,117,0,0
BRDA:1524,117,1,0
BRDA:1579,118,0,0
BRDA:1579,118,1,0
BRDA:1581,119,0,0
BRDA:1581,119,1,0
BRDA:1585,120,0,0
BRDA:1585,120,1,0
BRDA:1600,121,0,0
BRDA:1600,121,1,0
BRDA:1602,122,0,0
BRDA:1602,122,1,0
BRDA:1621,123,0,0
BRDA:1621,123,1,0
BRDA:1621,124,0,0
BRDA:1621,124,1,0
BRDA:1621,125,0,0
BRDA:1621,125,1,0
BRDA:1885,126,0,0
BRDA:1885,126,1,0
BRF:265
BRH:0
end_of_record
TN:
SF:app/components/Input.js
FN:11,(anonymous_0)
FN:32,(anonymous_1)
FN:54,(anonymous_2)
FN:83,(anonymous_3)
FNF:4
FNH:0
FNDA:0,(anonymous_0)
FNDA:0,(anonymous_1)
FNDA:0,(anonymous_2)
FNDA:0,(anonymous_3)
DA:11,0
DA:30,0
DA:32,0
DA:33,0
DA:35,0
DA:37,0
DA:40,0
DA:41,0
DA:43,0
DA:44,0
DA:48,0
DA:51,0
DA:54,0
DA:55,0
DA:56,0
DA:57,0
DA:61,0
DA:83,0
DA:98,0
DA:100,0
LF:20
LH:0
BRDA:20,0,0,0
BRDA:21,1,0,0
BRDA:22,2,0,0
BRDA:23,3,0,0
BRDA:25,4,0,0
BRDA:35,5,0,0
BRDA:35,5,1,0
BRDA:40,6,0,0
BRDA:40,6,1,0
BRDA:43,7,0,0
BRDA:43,7,1,0
BRDA:56,8,0,0
BRDA:56,8,1,0
BRDA:63,9,0,0
BRDA:63,9,1,0
BRDA:69,10,0,0
BRDA:69,10,1,0
BRDA:70,11,0,0
BRDA:70,11,1,0
BRDA:71,12,0,0
BRDA:71,12,1,0
BRDA:88,13,0,0
BRDA:88,13,1,0
BRDA:88,13,2,0
BRDA:91,14,0,0
BRDA:91,14,1,0
BRDA:91,14,2,0
BRF:27
BRH:0
end_of_record
TN:
SF:app/components/NationalitySelector.js
FN:16,(anonymous_0)
FN:34,(anonymous_1)
FN:50,(anonymous_2)
FN:53,(anonymous_3)
FN:63,(anonymous_4)
FN:68,(anonymous_5)
FN:74,(anonymous_6)
FN:83,(anonymous_7)
FN:111,(anonymous_8)
FN:112,(anonymous_9)
FN:113,(anonymous_10)
FN:144,(anonymous_11)
FN:152,(anonymous_12)
FN:180,(anonymous_13)
FN:190,(anonymous_14)
FNF:15
FNH:0
FNDA:0,(anonymous_0)
FNDA:0,(anonymous_1)
FNDA:0,(anonymous_2)
FNDA:0,(anonymous_3)
FNDA:0,(anonymous_4)
FNDA:0,(anonymous_5)
FNDA:0,(anonymous_6)
FNDA:0,(anonymous_7)
FNDA:0,(anonymous_8)
FNDA:0,(anonymous_9)
FNDA:0,(anonymous_10)
FNDA:0,(anonymous_11)
FNDA:0,(anonymous_12)
FNDA:0,(anonymous_13)
FNDA:0,(anonymous_14)
DA:16,0
DA:28,0
DA:29,0
DA:30,0
DA:31,0
DA:34,0
DA:35,0
DA:36,0
DA:37,0
DA:38,0
DA:40,0
DA:41,0
DA:44,0
DA:45,0
DA:50,0
DA:51,0
DA:53,0
DA:54,0
DA:55,0
DA:56,0
DA:57,0
DA:58,0
DA:63,0
DA:64,0
DA:65,0
DA:68,0
DA:69,0
DA:70,0
DA:71,0
DA:74,0
DA:75,0
DA:77,0
DA:83,0
DA:101,0
DA:111,0
DA:112,0
DA:113,0
DA:144,0
DA:152,0
DA:181,0
DA:183,0
DA:190,0
DA:223,0
LF:43
LH:0
BRDA:20,0,0,0
BRDA:25,1,0,0
BRDA:37,2,0,0
BRDA:37,2,1,0
BRDA:37,3,0,0
BRDA:37,3,1,0
BRDA:51,4,0,0
BRDA:51,4,1,0
BRDA:54,5,0,0
BRDA:54,5,1,0
BRDA:55,6,0,0
BRDA:55,6,1,0
BRDA:56,7,0,0
BRDA:56,7,1,0
BRDA:58,8,0,0
BRDA:58,8,1,0
BRDA:64,9,0,0
BRDA:64,9,1,0
BRDA:75,10,0,0
BRDA:75,10,1,0
BRDA:81,11,0,0
BRDA:81,11,1,0
BRDA:87,12,0,0
BRDA:87,12,1,0
BRDA:89,13,0,0
BRDA:89,13,1,0
BRDA:93,14,0,0
BRDA:93,14,1,0
BRDA:95,15,0,0
BRDA:95,15,1,0
BRDA:103,16,0,0
BRDA:103,16,1,0
BRDA:108,17,0,0
BRDA:108,17,1,0
BRDA:109,18,0,0
BRDA:109,18,1,0
BRDA:119,19,0,0
BRDA:119,19,1,0
BRDA:120,20,0,0
BRDA:120,20,1,0
BRDA:122,21,0,0
BRDA:122,21,1,0
BRDA:126,22,0,0
BRDA:126,22,1,0
BRDA:132,23,0,0
BRDA:132,23,1,0
BRDA:132,23,2,0
BRDA:135,24,0,0
BRDA:135,24,1,0
BRDA:135,24,2,0
BRDA:139,25,0,0
BRDA:139,25,1,0
BRDA:158,26,0,0
BRDA:158,26,1,0
BRDA:170,27,0,0
BRDA:170,27,1,0
BRDA:174,28,0,0
BRDA:174,28,1,0
BRDA:181,29,0,0
BRDA:181,29,1,0
BRDA:185,30,0,0
BRDA:185,30,1,0
BRDA:188,31,0,0
BRDA:188,31,1,0
BRDA:194,32,0,0
BRDA:194,32,1,0
BRDA:196,33,0,0
BRDA:196,33,1,0
BRDA:200,34,0,0
BRDA:200,34,1,0
BRDA:202,35,0,0
BRDA:202,35,1,0
BRDA:211,36,0,0
BRDA:211,36,1,0
BRF:74
BRH:0
end_of_record
TN:
SF:app/components/NotificationActionFeedback.js
FN:17,(anonymous_0)
FN:21,(anonymous_1)
FN:28,(anonymous_2)
FN:31,(anonymous_3)
FN:44,(anonymous_4)
FN:57,(anonymous_5)
FN:62,(anonymous_6)
FN:67,(anonymous_7)
FN:72,(anonymous_8)
FN:88,(anonymous_9)
FNF:10
FNH:0
FNDA:0,(anonymous_0)
FNDA:0,(anonymous_1)
FNDA:0,(anonymous_2)
FNDA:0,(anonymous_3)
FNDA:0,(anonymous_4)
FNDA:0,(anonymous_5)
FNDA:0,(anonymous_6)
FNDA:0,(anonymous_7)
FNDA:0,(anonymous_8)
FNDA:0,(anonymous_9)
DA:17,0
DA:18,0
DA:19,0
DA:21,0
DA:23,0
DA:26,0
DA:28,0
DA:31,0
DA:32,0
DA:33,0
DA:35,0
DA:36,0
DA:37,0
DA:40,0
DA:44,0
DA:45,0
DA:58,0
DA:62,0
DA:63,0
DA:68,0
DA:72,0
DA:73,0
DA:76,0
DA:79,0
DA:82,0
DA:84,0
DA:88,0
DA:89,0
DA:92,0
DA:94,0
DA:96,0
DA:98,0
DA:100,0
DA:102,0
DA:106,0
DA:107,0
DA:110,0
DA:137,0
LF:38
LH:0
BRDA:35,0,0,0
BRDA:35,0,1,0
BRDA:35,1,0,0
BRDA:35,1,1,0
BRDA:73,2,0,0
BRDA:73,2,1,0
BRDA:73,2,2,0
BRDA:73,2,3,0
BRDA:73,2,4,0
BRDA:73,2,5,0
BRDA:73,2,6,0
BRDA:89,3,0,0
BRDA:89,3,1,0
BRDA:89,3,2,0
BRDA:89,3,3,0
BRDA:89,3,4,0
BRDA:89,3,5,0
BRDA:89,3,6,0
BRDA:106,4,0,0
BRDA:106,4,1,0
BRF:20
BRH:0
end_of_record
TN:
SF:app/components/PassportNameInput.js
FN:13,(anonymous_0)
FN:37,(anonymous_1)
FN:45,(anonymous_2)
FN:72,(anonymous_3)
FN:121,(anonymous_4)
FN:141,(anonymous_5)
FN:147,(anonymous_6)
FN:153,(anonymous_7)
FN:158,(anonymous_8)
FN:180,(anonymous_9)
FN:193,(anonymous_10)
FN:218,(anonymous_11)
FN:231,(anonymous_12)
FN:256,(anonymous_13)
FN:269,(anonymous_14)
FNF:15
FNH:0
FNDA:0,(anonymous_0)
FNDA:0,(anonymous_1)
FNDA:0,(anonymous_2)
FNDA:0,(anonymous_3)
FNDA:0,(anonymous_4)
FNDA:0,(anonymous_5)
FNDA:0,(anonymous_6)
FNDA:0,(anonymous_7)
FNDA:0,(anonymous_8)
FNDA:0,(anonymous_9)
FNDA:0,(anonymous_10)
FNDA:0,(anonymous_11)
FNDA:0,(anonymous_12)
FNDA:0,(anonymous_13)
FNDA:0,(anonymous_14)
DA:13,0
DA:25,0
DA:26,0
DA:27,0
DA:28,0
DA:29,0
DA:30,0
DA:31,0
DA:32,0
DA:33,0
DA:34,0
DA:37,0
DA:39,0
DA:40,0
DA:45,0
DA:46,0
DA:49,0
DA:50,0
DA:54,0
DA:57,0
DA:58,0
DA:59,0
DA:62,0
DA:63,0
DA:65,0
DA:67,0
DA:69,0
DA:71,0
DA:72,0
DA:73,0
DA:74,0
DA:75,0
DA:76,0
DA:77,0
DA:78,0
DA:79,0
DA:80,0
DA:81,0
DA:82,0
DA:83,0
DA:84,0
DA:86,0
DA:87,0
DA:88,0
DA:92,0
DA:93,0
DA:94,0
DA:95,0
DA:96,0
DA:97,0
DA:98,0
DA:99,0
DA:100,0
DA:101,0
DA:103,0
DA:104,0
DA:105,0
DA:107,0
DA:108,0
DA:109,0
DA:113,0
DA:114,0
DA:115,0
DA:121,0
DA:122,0
DA:123,0
DA:126,0
DA:127,0
DA:130,0
DA:136,0
DA:139,0
DA:141,0
DA:142,0
DA:143,0
DA:144,0
DA:145,0
DA:147,0
DA:148,0
DA:153,0
DA:158,0
DA:159,0
DA:160,0
DA:161,0
DA:162,0
DA:166,0
DA:181,0
DA:183,0
DA:184,0
DA:185,0
DA:186,0
DA:187,0
DA:189,0
DA:190,0
DA:193,0
DA:194,0
DA:219,0
DA:221,0
DA:222,0
DA:223,0
DA:224,0
DA:225,0
DA:227,0
DA:228,0
DA:231,0
DA:232,0
DA:257,0
DA:259,0
DA:260,0
DA:261,0
DA:262,0
DA:263,0
DA:265,0
DA:266,0
DA:269,0
DA:270,0
DA:307,0
LF:116
LH:0
BRDA:18,0,0,0
BRDA:49,1,0,0
BRDA:49,1,1,0
BRDA:54,2,0,0
BRDA:54,2,1,0
BRDA:57,3,0,0
BRDA:57,3,1,0
BRDA:57,4,0,0
BRDA:57,4,1,0
BRDA:67,5,0,0
BRDA:67,5,1,0
BRDA:71,6,0,0
BRDA:71,6,1,0
BRDA:73,7,0,0
BRDA:73,7,1,0
BRDA:77,8,0,0
BRDA:77,8,1,0
BRDA:81,9,0,0
BRDA:81,9,1,0
BRDA:81,10,0,0
BRDA:81,10,1,0
BRDA:93,11,0,0
BRDA:93,11,1,0
BRDA:97,12,0,0
BRDA:97,12,1,0
BRDA:101,13,0,0
BRDA:101,13,1,0
BRDA:101,14,0,0
BRDA:101,14,1,0
BRDA:122,15,0,0
BRDA:122,15,1,0
BRDA:130,16,0,0
BRDA:130,16,1,0
BRDA:131,17,0,0
BRDA:131,17,1,0
BRDA:131,17,2,0
BRDA:131,17,3,0
BRDA:131,17,4,0
BRDA:139,18,0,0
BRDA:139,18,1,0
BRDA:142,19,0,0
BRDA:142,19,1,0
BRDA:159,20,0,0
BRDA:159,20,1,0
BRDA:168,21,0,0
BRDA:168,21,1,0
BRDA:176,22,0,0
BRDA:176,22,1,0
BRDA:177,23,0,0
BRDA:177,23,1,0
BRDA:183,24,0,0
BRDA:183,24,1,0
BRDA:186,25,0,0
BRDA:186,25,1,0
BRDA:214,26,0,0
BRDA:214,26,1,0
BRDA:215,27,0,0
BRDA:215,27,1,0
BRDA:221,28,0,0
BRDA:221,28,1,0
BRDA:224,29,0,0
BRDA:224,29,1,0
BRDA:252,30,0,0
BRDA:252,30,1,0
BRDA:253,31,0,0
BRDA:253,31,1,0
BRDA:259,32,0,0
BRDA:259,32,1,0
BRDA:262,33,0,0
BRDA:262,33,1,0
BRDA:286,34,0,0
BRDA:286,34,1,0
BRDA:286,34,2,0
BRDA:289,35,0,0
BRDA:289,35,1,0
BRDA:292,36,0,0
BRDA:292,36,1,0
BRDA:295,37,0,0
BRDA:295,37,1,0
BRDA:298,38,0,0
BRDA:298,38,1,0
BRF:81
BRH:0
end_of_record
TN:
SF:app/components/PassportPicker.js
FN:20,(anonymous_0)
FN:33,(anonymous_1)
FN:37,(anonymous_2)
FN:40,(anonymous_3)
FN:45,(anonymous_4)
FN:72,(anonymous_5)
FN:78,(anonymous_6)
FN:90,(anonymous_7)
FN:96,(anonymous_8)
FN:164,(anonymous_9)
FN:177,(anonymous_10)
FN:186,(anonymous_11)
FN:194,(anonymous_12)
FNF:13
FNH:0
FNDA:0,(anonymous_0)
FNDA:0,(anonymous_1)
FNDA:0,(anonymous_2)
FNDA:0,(anonymous_3)
FNDA:0,(anonymous_4)
FNDA:0,(anonymous_5)
FNDA:0,(anonymous_6)
FNDA:0,(anonymous_7)
FNDA:0,(anonymous_8)
FNDA:0,(anonymous_9)
FNDA:0,(anonymous_10)
FNDA:0,(anonymous_11)
FNDA:0,(anonymous_12)
DA:20,0
DA:27,0
DA:28,0
DA:29,0
DA:30,0
DA:31,0
DA:33,0
DA:34,0
DA:37,0
DA:39,0
DA:40,0
DA:41,0
DA:45,0
DA:46,0
DA:48,0
DA:49,0
DA:50,0
DA:51,0
DA:54,0
DA:55,0
DA:56,0
DA:57,0
DA:60,0
DA:61,0
DA:68,0
DA:72,0
DA:73,0
DA:74,0
DA:75,0
DA:78,0
DA:79,0
DA:81,0
DA:82,0
DA:83,0
DA:87,0
DA:90,0
DA:91,0
DA:96,0
DA:120,0
DA:121,0
DA:130,0
DA:131,0
DA:141,0
DA:142,0
DA:156,0
DA:164,0
DA:177,0
DA:186,0
DA:194,0
DA:205,0
LF:50
LH:0
BRDA:25,0,0,0
BRDA:39,1,0,0
BRDA:39,1,1,0
BRDA:39,2,0,0
BRDA:39,2,1,0
BRDA:46,3,0,0
BRDA:46,3,1,0
BRDA:54,4,0,0
BRDA:54,4,1,0
BRDA:54,5,0,0
BRDA:54,5,1,0
BRDA:79,6,0,0
BRDA:79,6,1,0
BRDA:81,7,0,0
BRDA:81,7,1,0
BRDA:82,8,0,0
BRDA:82,8,1,0
BRDA:83,9,0,0
BRDA:83,9,1,0
BRDA:94,10,0,0
BRDA:94,10,1,0
BRDA:99,11,0,0
BRDA:99,11,1,0
BRDA:101,12,0,0
BRDA:101,12,1,0
BRDA:104,13,0,0
BRDA:104,13,1,0
BRDA:106,14,0,0
BRDA:106,14,1,0
BRDA:112,15,0,0
BRDA:112,15,1,0
BRDA:120,16,0,0
BRDA:120,16,1,0
BRDA:130,17,0,0
BRDA:130,17,1,0
BRDA:141,18,0,0
BRDA:141,18,1,0
BRDA:163,19,0,0
BRDA:163,19,1,0
BRDA:164,20,0,0
BRDA:164,20,1,0
BRDA:167,21,0,0
BRDA:167,21,1,0
BRDA:170,22,0,0
BRDA:170,22,1,0
BRF:45
BRH:0
end_of_record
TN:
SF:app/components/ProactiveAlerts.js
FN:8,(anonymous_0)
FN:18,(anonymous_1)
FN:40,(anonymous_2)
FN:67,(anonymous_3)
FN:92,(anonymous_4)
FN:105,(anonymous_5)
FN:112,(anonymous_6)
FN:131,(anonymous_7)
FN:143,(anonymous_8)
FN:173,(anonymous_9)
FNF:10
FNH:0
FNDA:0,(anonymous_0)
FNDA:0,(anonymous_1)
FNDA:0,(anonymous_2)
FNDA:0,(anonymous_3)
FNDA:0,(anonymous_4)
FNDA:0,(anonymous_5)
FNDA:0,(anonymous_6)
FNDA:0,(anonymous_7)
FNDA:0,(anonymous_8)
FNDA:0,(anonymous_9)
DA:8,0
DA:15,0
DA:18,0
DA:19,0
DA:22,0
DA:23,0
DA:24,0
DA:25,0
DA:27,0
DA:28,0
DA:29,0
DA:40,0
DA:47,0
DA:58,0
DA:59,0
DA:67,0
DA:91,0
DA:92,0
DA:93,0
DA:94,0
DA:105,0
DA:111,0
DA:112,0
DA:113,0
DA:114,0
DA:115,0
DA:116,0
DA:119,0
DA:120,0
DA:131,0
DA:136,0
DA:139,0
DA:140,0
DA:143,0
DA:144,0
DA:146,0
DA:152,0
DA:158,0
DA:166,0
DA:174,0
DA:175,0
DA:208,0
LF:42
LH:0
BRDA:22,0,0,0
BRDA:22,0,1,0
BRDA:27,1,0,0
BRDA:27,1,1,0
BRDA:28,2,0,0
BRDA:28,2,1,0
BRDA:28,3,0,0
BRDA:28,3,1,0
BRDA:47,4,0,0
BRDA:47,4,1,0
BRDA:47,4,2,0
BRDA:47,4,3,0
BRDA:47,4,4,0
BRDA:47,4,5,0
BRDA:47,4,6,0
BRDA:47,4,7,0
BRDA:47,4,8,0
BRDA:47,4,9,0
BRDA:58,5,0,0
BRDA:58,5,1,0
BRDA:91,6,0,0
BRDA:91,6,1,0
BRDA:91,7,0,0
BRDA:91,7,1,0
BRDA:93,8,0,0
BRDA:93,8,1,0
BRDA:111,9,0,0
BRDA:111,9,1,0
BRDA:111,10,0,0
BRDA:111,10,1,0
BRDA:113,11,0,0
BRDA:113,11,1,0
BRDA:119,12,0,0
BRDA:119,12,1,0
BRDA:139,13,0,0
BRDA:139,13,1,0
BRDA:144,14,0,0
BRDA:144,14,1,0
BRDA:144,14,2,0
BRDA:195,15,0,0
BRDA:195,15,1,0
BRF:41
BRH:0
end_of_record
TN:
SF:app/components/ProvinceSelector.js
FN:18,(anonymous_0)
FN:36,(anonymous_1)
FN:51,(anonymous_2)
FN:54,(anonymous_3)
FN:67,(anonymous_4)
FN:72,(anonymous_5)
FN:88,(anonymous_6)
FN:89,(anonymous_7)
FN:90,(anonymous_8)
FN:121,(anonymous_9)
FN:129,(anonymous_10)
FN:157,(anonymous_11)
FN:167,(anonymous_12)
FNF:13
FNH:0
FNDA:0,(anonymous_0)
FNDA:0,(anonymous_1)
FNDA:0,(anonymous_2)
FNDA:0,(anonymous_3)
FNDA:0,(anonymous_4)
FNDA:0,(anonymous_5)
FNDA:0,(anonymous_6)
FNDA:0,(anonymous_7)
FNDA:0,(anonymous_8)
FNDA:0,(anonymous_9)
FNDA:0,(anonymous_10)
FNDA:0,(anonymous_11)
FNDA:0,(anonymous_12)
DA:18,0
DA:30,0
DA:31,0
DA:32,0
DA:33,0
DA:36,0
DA:37,0
DA:38,0
DA:39,0
DA:41,0
DA:42,0
DA:45,0
DA:46,0
DA:51,0
DA:52,0
DA:54,0
DA:55,0
DA:56,0
DA:57,0
DA:58,0
DA:59,0
DA:60,0
DA:67,0
DA:68,0
DA:69,0
DA:72,0
DA:73,0
DA:74,0
DA:75,0
DA:78,0
DA:88,0
DA:89,0
DA:90,0
DA:121,0
DA:129,0
DA:158,0
DA:160,0
DA:167,0
DA:194,0
LF:39
LH:0
BRDA:22,0,0,0
BRDA:27,1,0,0
BRDA:38,2,0,0
BRDA:38,2,1,0
BRDA:38,3,0,0
BRDA:38,3,1,0
BRDA:52,4,0,0
BRDA:52,4,1,0
BRDA:55,5,0,0
BRDA:55,5,1,0
BRDA:56,6,0,0
BRDA:56,6,1,0
BRDA:57,7,0,0
BRDA:57,7,1,0
BRDA:58,8,0,0
BRDA:58,8,1,0
BRDA:60,9,0,0
BRDA:60,9,1,0
BRDA:60,9,2,0
BRDA:68,10,0,0
BRDA:68,10,1,0
BRDA:80,11,0,0
BRDA:80,11,1,0
BRDA:85,12,0,0
BRDA:85,12,1,0
BRDA:86,13,0,0
BRDA:86,13,1,0
BRDA:96,14,0,0
BRDA:96,14,1,0
BRDA:97,15,0,0
BRDA:97,15,1,0
BRDA:99,16,0,0
BRDA:99,16,1,0
BRDA:103,17,0,0
BRDA:103,17,1,0
BRDA:109,18,0,0
BRDA:109,18,1,0
BRDA:109,18,2,0
BRDA:112,19,0,0
BRDA:112,19,1,0
BRDA:112,19,2,0
BRDA:116,20,0,0
BRDA:116,20,1,0
BRDA:135,21,0,0
BRDA:135,21,1,0
BRDA:147,22,0,0
BRDA:147,22,1,0
BRDA:151,23,0,0
BRDA:151,23,1,0
BRDA:158,24,0,0
BRDA:158,24,1,0
BRDA:162,25,0,0
BRDA:162,25,1,0
BRDA:165,26,0,0
BRDA:165,26,1,0
BRDA:171,27,0,0
BRDA:171,27,1,0
BRDA:182,28,0,0
BRDA:182,28,1,0
BRF:59
BRH:0
end_of_record
TN:
SF:app/components/SimpleTDACTest.js
FN:4,(anonymous_0)
FN:8,(anonymous_1)
FN:17,(anonymous_2)
FN:20,(anonymous_3)
FN:26,(anonymous_4)
FN:57,(anonymous_5)
FN:100,(anonymous_6)
FN:121,(anonymous_7)
FN:161,(anonymous_8)
FN:167,(anonymous_9)
FNF:10
FNH:0
FNDA:0,(anonymous_0)
FNDA:0,(anonymous_1)
FNDA:0,(anonymous_2)
FNDA:0,(anonymous_3)
FNDA:0,(anonymous_4)
FNDA:0,(anonymous_5)
FNDA:0,(anonymous_6)
FNDA:0,(anonymous_7)
FNDA:0,(anonymous_8)
FNDA:0,(anonymous_9)
DA:4,0
DA:5,0
DA:6,0
DA:8,0
DA:9,0
DA:16,0
DA:17,0
DA:20,0
DA:21,0
DA:22,0
DA:24,0
DA:25,0
DA:26,0
DA:27,0
DA:28,0
DA:31,0
DA:32,0
DA:45,0
DA:46,0
DA:47,0
DA:49,0
DA:51,0
DA:52,0
DA:53,0
DA:57,0
DA:58,0
DA:62,0
DA:63,0
DA:65,0
DA:66,0
DA:67,0
DA:70,0
DA:72,0
DA:73,0
DA:74,0
DA:89,0
DA:90,0
DA:92,0
DA:94,0
DA:95,0
DA:96,0
DA:100,0
DA:101,0
DA:102,0
DA:104,0
DA:105,0
DA:106,0
DA:110,0
DA:111,0
DA:113,0
DA:115,0
DA:116,0
DA:117,0
DA:121,0
DA:122,0
DA:123,0
DA:125,0
DA:127,0
DA:128,0
DA:129,0
DA:130,0
DA:132,0
DA:133,0
DA:135,0
DA:136,0
DA:138,0
DA:142,0
DA:161,0
DA:168,0
DA:189,0
LF:70
LH:0
BRDA:8,0,0,0
BRDA:150,1,0,0
BRDA:150,1,1,0
BRDA:155,2,0,0
BRDA:155,2,1,0
BRDA:170,3,0,0
BRDA:170,3,1,0
BRDA:171,4,0,0
BRDA:171,4,1,0
BRDA:174,5,0,0
BRDA:174,5,1,0
BRDA:181,6,0,0
BRDA:181,6,1,0
BRDA:181,6,2,0
BRF:14
BRH:0
end_of_record
TN:
SF:app/components/SubmissionCountdown.js
FN:13,(anonymous_0)
FN:23,(anonymous_1)
FN:44,(anonymous_2)
FN:58,(anonymous_3)
FN:82,(anonymous_4)
FNF:5
FNH:0
FNDA:0,(anonymous_0)
FNDA:0,(anonymous_1)
FNDA:0,(anonymous_2)
FNDA:0,(anonymous_3)
FNDA:0,(anonymous_4)
DA:13,0
DA:19,0
DA:20,0
DA:23,0
DA:24,0
DA:25,0
DA:26,0
DA:27,0
DA:30,0
DA:31,0
DA:33,0
DA:35,0
DA:36,0
DA:37,0
DA:39,0
DA:44,0
DA:45,0
DA:46,0
DA:47,0
DA:48,0
DA:52,0
DA:55,0
DA:58,0
DA:62,0
DA:63,0
DA:82,0
DA:83,0
DA:85,0
DA:92,0
DA:99,0
DA:107,0
DA:116,0
DA:118,0
DA:189,0
LF:34
LH:0
BRDA:15,0,0,0
BRDA:16,1,0,0
BRDA:17,2,0,0
BRDA:24,3,0,0
BRDA:24,3,1,0
BRDA:35,4,0,0
BRDA:35,4,1,0
BRDA:45,5,0,0
BRDA:45,5,1,0
BRDA:62,6,0,0
BRDA:62,6,1,0
BRDA:62,7,0,0
BRDA:62,7,1,0
BRDA:66,8,0,0
BRDA:66,8,1,0
BRDA:71,9,0,0
BRDA:71,9,1,0
BRDA:83,10,0,0
BRDA:83,10,1,0
BRDA:83,10,2,0
BRDA:83,10,3,0
BRDA:83,10,4,0
BRDA:124,11,0,0
BRDA:124,11,1,0
BRDA:138,12,0,0
BRDA:138,12,1,0
BRDA:138,12,2,0
BRDA:141,13,0,0
BRDA:141,13,1,0
BRDA:148,14,0,0
BRDA:148,14,1,0
BRDA:151,15,0,0
BRDA:151,15,1,0
BRDA:161,16,0,0
BRDA:161,16,1,0
BRDA:166,17,0,0
BRDA:166,17,1,0
BRDA:172,18,0,0
BRDA:172,18,1,0
BRDA:172,18,2,0
BRDA:175,19,0,0
BRDA:175,19,1,0
BRDA:180,20,0,0
BRDA:180,20,1,0
BRF:44
BRH:0
end_of_record
TN:
SF:app/components/TDACErrorRecovery.js
FN:23,(anonymous_0)
FN:37,(anonymous_1)
FN:41,(anonymous_2)
FN:42,(anonymous_3)
FN:52,(anonymous_4)
FN:59,(anonymous_5)
FN:64,(anonymous_6)
FN:74,(anonymous_7)
FN:81,(anonymous_8)
FN:131,(anonymous_9)
FN:184,(anonymous_10)
FN:234,(anonymous_11)
FNF:12
FNH:0
FNDA:0,(anonymous_0)
FNDA:0,(anonymous_1)
FNDA:0,(anonymous_2)
FNDA:0,(anonymous_3)
FNDA:0,(anonymous_4)
FNDA:0,(anonymous_5)
FNDA:0,(anonymous_6)
FNDA:0,(anonymous_7)
FNDA:0,(anonymous_8)
FNDA:0,(anonymous_9)
FNDA:0,(anonymous_10)
FNDA:0,(anonymous_11)
DA:23,0
DA:33,0
DA:34,0
DA:35,0
DA:37,0
DA:40,0
DA:41,0
DA:42,0
DA:43,0
DA:44,0
DA:45,0
DA:47,0
DA:52,0
DA:53,0
DA:54,0
DA:59,0
DA:60,0
DA:61,0
DA:62,0
DA:64,0
DA:65,0
DA:66,0
DA:67,0
DA:70,0
DA:74,0
DA:75,0
DA:76,0
DA:77,0
DA:81,0
DA:82,0
DA:83,0
DA:84,0
DA:86,0
DA:93,0
DA:97,0
DA:98,0
DA:101,0
DA:103,0
DA:131,0
DA:185,0
DA:235,0
DA:266,0
LF:42
LH:0
BRDA:30,0,0,0
BRDA:31,1,0,0
BRDA:40,2,0,0
BRDA:40,2,1,0
BRDA:43,3,0,0
BRDA:43,3,1,0
BRDA:53,4,0,0
BRDA:53,4,1,0
BRDA:60,5,0,0
BRDA:60,5,1,0
BRDA:60,6,0,0
BRDA:60,6,1,0
BRDA:75,7,0,0
BRDA:75,7,1,0
BRDA:84,8,0,0
BRDA:84,8,1,0
BRDA:97,9,0,0
BRDA:97,9,1,0
BRDA:97,10,0,0
BRDA:97,10,1,0
BRDA:134,11,0,0
BRDA:134,11,1,0
BRDA:138,12,0,0
BRDA:138,12,1,0
BRDA:163,13,0,0
BRDA:163,13,1,0
BRDA:164,14,0,0
BRDA:164,14,1,0
BRDA:168,15,0,0
BRDA:168,15,1,0
BRDA:181,16,0,0
BRDA:181,16,1,0
BRDA:181,16,2,0
BRDA:195,17,0,0
BRDA:195,17,1,0
BRDA:195,17,2,0
BRDA:200,18,0,0
BRDA:200,18,1,0
BRDA:200,18,2,0
BRDA:203,19,0,0
BRDA:203,19,1,0
BRDA:205,20,0,0
BRDA:205,20,1,0
BRDA:205,21,0,0
BRDA:205,21,1,0
BRDA:209,22,0,0
BRDA:209,22,1,0
BRDA:214,23,0,0
BRDA:214,23,1,0
BRDA:221,24,0,0
BRDA:221,24,1,0
BRDA:221,24,2,0
BRDA:231,25,0,0
BRDA:231,25,1,0
BRDA:231,25,2,0
BRF:55
BRH:0
end_of_record
TN:
SF:app/components/TDACInfoCard.js
FN:23,(anonymous_0)
FN:38,(anonymous_1)
FN:51,(anonymous_2)
FN:68,(anonymous_3)
FN:102,(anonymous_4)
FN:120,(anonymous_5)
FN:145,(anonymous_6)
FN:160,(anonymous_7)
FN:211,(anonymous_8)
FNF:9
FNH:0
FNDA:0,(anonymous_0)
FNDA:0,(anonymous_1)
FNDA:0,(anonymous_2)
FNDA:0,(anonymous_3)
FNDA:0,(anonymous_4)
FNDA:0,(anonymous_5)
FNDA:0,(anonymous_6)
FNDA:0,(anonymous_7)
FNDA:0,(anonymous_8)
DA:20,0
DA:21,0
DA:23,0
DA:24,0
DA:26,0
DA:27,0
DA:36,0
DA:38,0
DA:39,0
DA:41,0
DA:43,0
DA:45,0
DA:47,0
DA:51,0
DA:52,0
DA:54,0
DA:55,0
DA:56,0
DA:64,0
DA:68,0
DA:69,0
DA:70,0
DA:71,0
DA:72,0
DA:76,0
DA:77,0
DA:78,0
DA:79,0
DA:83,0
DA:84,0
DA:86,0
DA:88,0
DA:90,0
DA:91,0
DA:92,0
DA:94,0
DA:97,0
DA:98,0
DA:102,0
DA:103,0
DA:104,0
DA:109,0
DA:110,0
DA:113,0
DA:115,0
DA:116,0
DA:120,0
DA:121,0
DA:122,0
DA:123,0
DA:126,0
DA:128,0
DA:129,0
DA:130,0
DA:131,0
DA:135,0
DA:146,0
DA:147,0
DA:153,0
DA:154,0
DA:161,0
DA:162,0
DA:163,0
DA:164,0
DA:165,0
DA:168,0
DA:169,0
DA:170,0
DA:172,0
DA:173,0
DA:180,0
DA:181,0
DA:185,0
DA:211,0
DA:282,0
LF:75
LH:0
BRDA:23,0,0,0
BRDA:26,1,0,0
BRDA:26,1,1,0
BRDA:39,2,0,0
BRDA:39,2,1,0
BRDA:39,2,2,0
BRDA:39,2,3,0
BRDA:47,3,0,0
BRDA:47,3,1,0
BRDA:52,4,0,0
BRDA:52,4,1,0
BRDA:70,5,0,0
BRDA:70,5,1,0
BRDA:77,6,0,0
BRDA:77,6,1,0
BRDA:83,7,0,0
BRDA:83,7,1,0
BRDA:88,8,0,0
BRDA:88,8,1,0
BRDA:109,9,0,0
BRDA:109,9,1,0
BRDA:121,10,0,0
BRDA:121,10,1,0
BRDA:129,11,0,0
BRDA:129,11,1,0
BRDA:148,12,0,0
BRDA:148,12,1,0
BRDA:163,13,0,0
BRDA:163,13,1,0
BRDA:190,14,0,0
BRDA:190,14,1,0
BRDA:200,15,0,0
BRDA:200,15,1,0
BRDA:205,16,0,0
BRDA:205,16,1,0
BRDA:205,17,0,0
BRDA:205,17,1,0
BRDA:217,18,0,0
BRDA:217,18,1,0
BRDA:224,19,0,0
BRDA:224,19,1,0
BRDA:243,20,0,0
BRDA:243,20,1,0
BRDA:270,21,0,0
BRDA:270,21,1,0
BRDA:338,22,0,0
BRDA:338,22,1,0
BRF:47
BRH:0
end_of_record
TN:
SF:app/components/ThailandProvinceSelector.js
FNF:0
FNH:0
LF:0
LH:0
BRF:0
BRH:0
end_of_record
TN:
SF:app/components/TravelPurposeSelector.js
FN:20,(anonymous_0)
FN:44,(anonymous_1)
FN:89,(anonymous_2)
FN:98,(anonymous_3)
FN:101,(anonymous_4)
FN:111,(anonymous_5)
FN:123,(anonymous_6)
FN:138,(anonymous_7)
FN:147,(anonymous_8)
FN:175,(anonymous_9)
FN:176,(anonymous_10)
FN:177,(anonymous_11)
FN:225,(anonymous_12)
FN:233,(anonymous_13)
FN:261,(anonymous_14)
FN:271,(anonymous_15)
FNF:16
FNH:0
FNDA:0,(anonymous_0)
FNDA:0,(anonymous_1)
FNDA:0,(anonymous_2)
FNDA:0,(anonymous_3)
FNDA:0,(anonymous_4)
FNDA:0,(anonymous_5)
FNDA:0,(anonymous_6)
FNDA:0,(anonymous_7)
FNDA:0,(anonymous_8)
FNDA:0,(anonymous_9)
FNDA:0,(anonymous_10)
FNDA:0,(anonymous_11)
FNDA:0,(anonymous_12)
FNDA:0,(anonymous_13)
FNDA:0,(anonymous_14)
FNDA:0,(anonymous_15)
DA:20,0
DA:37,0
DA:38,0
DA:39,0
DA:40,0
DA:41,0
DA:44,0
DA:45,0
DA:46,0
DA:47,0
DA:49,0
DA:53,0
DA:55,0
DA:69,0
DA:71,0
DA:72,0
DA:75,0
DA:76,0
DA:78,0
DA:79,0
DA:82,0
DA:83,0
DA:89,0
DA:90,0
DA:91,0
DA:93,0
DA:98,0
DA:99,0
DA:101,0
DA:102,0
DA:103,0
DA:104,0
DA:105,0
DA:106,0
DA:111,0
DA:112,0
DA:116,0
DA:117,0
DA:120,0
DA:123,0
DA:124,0
DA:125,0
DA:128,0
DA:129,0
DA:131,0
DA:134,0
DA:135,0
DA:138,0
DA:139,0
DA:141,0
DA:147,0
DA:165,0
DA:175,0
DA:176,0
DA:177,0
DA:225,0
DA:233,0
DA:262,0
DA:264,0
DA:271,0
DA:304,0
LF:61
LH:0
BRDA:24,0,0,0
BRDA:29,1,0,0
BRDA:30,2,0,0
BRDA:31,3,0,0
BRDA:47,4,0,0
BRDA:47,4,1,0
BRDA:47,4,2,0
BRDA:75,5,0,0
BRDA:75,5,1,0
BRDA:75,6,0,0
BRDA:75,6,1,0
BRDA:90,7,0,0
BRDA:90,7,1,0
BRDA:90,8,0,0
BRDA:90,8,1,0
BRDA:99,9,0,0
BRDA:99,9,1,0
BRDA:102,10,0,0
BRDA:102,10,1,0
BRDA:103,11,0,0
BRDA:103,11,1,0
BRDA:104,12,0,0
BRDA:104,12,1,0
BRDA:106,13,0,0
BRDA:106,13,1,0
BRDA:112,14,0,0
BRDA:112,14,1,0
BRDA:116,15,0,0
BRDA:116,15,1,0
BRDA:116,16,0,0
BRDA:116,16,1,0
BRDA:116,16,2,0
BRDA:128,17,0,0
BRDA:128,17,1,0
BRDA:128,18,0,0
BRDA:128,18,1,0
BRDA:139,19,0,0
BRDA:139,19,1,0
BRDA:145,20,0,0
BRDA:145,20,1,0
BRDA:151,21,0,0
BRDA:151,21,1,0
BRDA:153,22,0,0
BRDA:153,22,1,0
BRDA:157,23,0,0
BRDA:157,23,1,0
BRDA:159,24,0,0
BRDA:159,24,1,0
BRDA:167,25,0,0
BRDA:167,25,1,0
BRDA:172,26,0,0
BRDA:172,26,1,0
BRDA:173,27,0,0
BRDA:173,27,1,0
BRDA:183,28,0,0
BRDA:183,28,1,0
BRDA:184,29,0,0
BRDA:184,29,1,0
BRDA:186,30,0,0
BRDA:186,30,1,0
BRDA:190,31,0,0
BRDA:190,31,1,0
BRDA:198,32,0,0
BRDA:198,32,1,0
BRDA:198,32,2,0
BRDA:198,32,3,0
BRDA:202,33,0,0
BRDA:202,33,1,0
BRDA:204,34,0,0
BRDA:204,34,1,0
BRDA:205,35,0,0
BRDA:205,35,1,0
BRDA:213,36,0,0
BRDA:213,36,1,0
BRDA:213,36,2,0
BRDA:216,37,0,0
BRDA:216,37,1,0
BRDA:216,37,2,0
BRDA:220,38,0,0
BRDA:220,38,1,0
BRDA:239,39,0,0
BRDA:239,39,1,0
BRDA:251,40,0,0
BRDA:251,40,1,0
BRDA:255,41,0,0
BRDA:255,41,1,0
BRDA:262,42,0,0
BRDA:262,42,1,0
BRDA:266,43,0,0
BRDA:266,43,1,0
BRDA:269,44,0,0
BRDA:269,44,1,0
BRDA:275,45,0,0
BRDA:275,45,1,0
BRDA:277,46,0,0
BRDA:277,46,1,0
BRDA:281,47,0,0
BRDA:281,47,1,0
BRDA:283,48,0,0
BRDA:283,48,1,0
BRDA:292,49,0,0
BRDA:292,49,1,0
BRF:102
BRH:0
end_of_record
TN:
SF:app/components/TravelReadinessDashboard.js
FN:8,(anonymous_0)
FN:20,(anonymous_1)
FN:93,(anonymous_2)
FN:95,(anonymous_3)
FN:102,(anonymous_4)
FN:109,(anonymous_5)
FN:116,(anonymous_6)
FN:118,(anonymous_7)
FN:121,(anonymous_8)
FN:129,(anonymous_9)
FN:149,(anonymous_10)
FN:158,(anonymous_11)
FN:167,(anonymous_12)
FN:181,(anonymous_13)
FN:199,(anonymous_14)
FNF:15
FNH:0
FNDA:0,(anonymous_0)
FNDA:0,(anonymous_1)
FNDA:0,(anonymous_2)
FNDA:0,(anonymous_3)
FNDA:0,(anonymous_4)
FNDA:0,(anonymous_5)
FNDA:0,(anonymous_6)
FNDA:0,(anonymous_7)
FNDA:0,(anonymous_8)
FNDA:0,(anonymous_9)
FNDA:0,(anonymous_10)
FNDA:0,(anonymous_11)
FNDA:0,(anonymous_12)
FNDA:0,(anonymous_13)
FNDA:0,(anonymous_14)
DA:8,0
DA:17,0
DA:20,0
DA:22,0
DA:32,0
DA:33,0
DA:34,0
DA:36,0
DA:37,0
DA:47,0
DA:48,0
DA:49,0
DA:50,0
DA:52,0
DA:53,0
DA:63,0
DA:64,0
DA:73,0
DA:74,0
DA:83,0
DA:93,0
DA:94,0
DA:95,0
DA:102,0
DA:109,0
DA:116,0
DA:118,0
DA:121,0
DA:122,0
DA:126,0
DA:129,0
DA:130,0
DA:133,0
DA:144,0
DA:145,0
DA:149,0
DA:153,0
DA:154,0
DA:158,0
DA:162,0
DA:163,0
DA:167,0
DA:171,0
DA:174,0
DA:176,0
DA:181,0
DA:199,0
DA:231,0
LF:48
LH:0
BRDA:22,0,0,0
BRDA:22,0,1,0
BRDA:22,0,2,0
BRDA:22,0,3,0
BRDA:22,0,4,0
BRDA:22,0,5,0
BRDA:22,0,6,0
BRDA:22,0,7,0
BRDA:22,0,8,0
BRDA:22,0,9,0
BRDA:36,1,0,0
BRDA:36,1,1,0
BRDA:47,2,0,0
BRDA:47,2,1,0
BRDA:52,3,0,0
BRDA:52,3,1,0
BRDA:63,4,0,0
BRDA:63,4,1,0
BRDA:63,5,0,0
BRDA:63,5,1,0
BRDA:73,6,0,0
BRDA:73,6,1,0
BRDA:97,7,0,0
BRDA:97,7,1,0
BRDA:99,8,0,0
BRDA:99,8,1,0
BRDA:104,9,0,0
BRDA:104,9,1,0
BRDA:111,10,0,0
BRDA:111,10,1,0
BRDA:116,11,0,0
BRDA:116,11,1,0
BRDA:118,12,0,0
BRDA:118,12,1,0
BRDA:118,13,0,0
BRDA:118,13,1,0
BRDA:126,14,0,0
BRDA:126,14,1,0
BRDA:133,15,0,0
BRDA:133,15,1,0
BRDA:133,15,2,0
BRDA:133,15,3,0
BRDA:133,15,4,0
BRDA:133,15,5,0
BRDA:133,15,6,0
BRDA:133,15,7,0
BRDA:133,15,8,0
BRDA:133,15,9,0
BRDA:144,16,0,0
BRDA:144,16,1,0
BRDA:153,17,0,0
BRDA:153,17,1,0
BRDA:153,18,0,0
BRDA:153,18,1,0
BRDA:162,19,0,0
BRDA:162,19,1,0
BRDA:196,20,0,0
BRDA:196,20,1,0
BRDA:207,21,0,0
BRDA:207,21,1,0
BRDA:208,22,0,0
BRDA:208,22,1,0
BRDA:209,23,0,0
BRDA:209,23,1,0
BRDA:213,24,0,0
BRDA:213,24,1,0
BRDA:215,25,0,0
BRDA:215,25,1,0
BRDA:217,26,0,0
BRDA:217,26,1,0
BRF:70
BRH:0
end_of_record
TN:
SF:app/components/index.js
FNF:0
FNH:0
LF:0
LH:0
BRF:0
BRH:0
end_of_record
TN:
SF:app/config/destinationRequirements.js
FN:226,(anonymous_0)
FN:256,(anonymous_1)
FNF:2
FNH:0
FNDA:0,(anonymous_0)
FNDA:0,(anonymous_1)
DA:6,0
DA:226,0
DA:227,0
DA:228,0
DA:230,0
DA:239,0
DA:256,0
DA:257,0
DA:258,0
DA:260,0
LF:10
LH:0
BRDA:228,0,0,0
BRDA:228,0,1,0
BRDA:240,1,0,0
BRDA:240,1,1,0
BRDA:242,2,0,0
BRDA:242,2,1,0
BRDA:245,3,0,0
BRDA:245,3,1,0
BRDA:258,4,0,0
BRDA:258,4,1,0
BRF:10
BRH:0
end_of_record
TN:
SF:app/config/entryFieldsConfig.js
FN:17,(anonymous_0)
FN:27,(anonymous_1)
FN:46,(anonymous_2)
FN:64,(anonymous_3)
FN:82,(anonymous_4)
FN:104,(anonymous_5)
FN:125,(anonymous_6)
FN:144,(anonymous_7)
FN:163,(anonymous_8)
FN:193,(anonymous_9)
FN:215,(anonymous_10)
FN:240,(anonymous_11)
FN:259,(anonymous_12)
FN:438,(anonymous_13)
FN:443,(anonymous_14)
FN:474,(anonymous_15)
FN:539,(anonymous_16)
FN:583,getFieldConfig
FN:587,(anonymous_18)
FN:595,getRequiredFields
FN:599,(anonymous_20)
FN:610,validateFieldValue
FN:624,getCategorySummary
FN:644,getAllCategoriesSummary
FN:645,(anonymous_24)
FNF:25
FNH:12
FNDA:5,(anonymous_0)
FNDA:5,(anonymous_1)
FNDA:3,(anonymous_2)
FNDA:1,(anonymous_3)
FNDA:1,(anonymous_4)
FNDA:1,(anonymous_5)
FNDA:4,(anonymous_6)
FNDA:1,(anonymous_7)
FNDA:1,(anonymous_8)
FNDA:0,(anonymous_9)
FNDA:0,(anonymous_10)
FNDA:0,(anonymous_11)
FNDA:1,(anonymous_12)
FNDA:4,(anonymous_13)
FNDA:1,(anonymous_14)
FNDA:0,(anonymous_15)
FNDA:0,(anonymous_16)
FNDA:0,getFieldConfig
FNDA:0,(anonymous_18)
FNDA:0,getRequiredFields
FNDA:0,(anonymous_20)
FNDA:0,validateFieldValue
FNDA:0,getCategorySummary
FNDA:0,getAllCategoriesSummary
FNDA:0,(anonymous_24)
DA:11,1
DA:17,5
DA:28,5
DA:29,0
DA:32,5
DA:33,5
DA:35,5
DA:47,3
DA:48,0
DA:51,3
DA:53,3
DA:65,1
DA:66,0
DA:69,1
DA:71,1
DA:83,1
DA:84,0
DA:87,1
DA:88,1
DA:89,1
DA:91,1
DA:93,1
DA:105,1
DA:106,0
DA:109,1
DA:110,1
DA:112,1
DA:114,1
DA:126,4
DA:127,0
DA:130,4
DA:131,4
DA:133,4
DA:145,1
DA:146,0
DA:149,1
DA:150,1
DA:152,1
DA:164,1
DA:165,0
DA:168,1
DA:169,1
DA:170,0
DA:173,1
DA:174,1
DA:175,1
DA:176,1
DA:178,1
DA:182,1
DA:194,0
DA:195,0
DA:198,0
DA:199,0
DA:201,0
DA:203,0
DA:216,0
DA:217,0
DA:220,0
DA:221,0
DA:223,0
DA:225,0
DA:226,0
DA:229,0
DA:241,0
DA:242,0
DA:245,0
DA:246,0
DA:248,0
DA:260,1
DA:261,0
DA:264,1
DA:265,1
DA:266,1
DA:268,1
DA:270,1
DA:280,1
DA:344,1
DA:423,1
DA:439,4
DA:440,3
DA:443,1
DA:444,1
DA:446,1
DA:475,0
DA:476,0
DA:477,0
DA:506,1
DA:539,0
DA:570,1
DA:584,0
DA:585,0
DA:587,0
DA:596,0
DA:597,0
DA:599,0
DA:611,0
DA:612,0
DA:613,0
DA:616,0
DA:625,0
DA:626,0
DA:628,0
DA:645,0
LF:103
LH:56
BRDA:18,0,0,5
BRDA:18,0,1,5
BRDA:19,1,0,5
BRDA:19,1,1,0
BRDA:28,2,0,0
BRDA:28,2,1,5
BRDA:28,3,0,5
BRDA:28,3,1,5
BRDA:37,4,0,4
BRDA:37,4,1,1
BRDA:47,5,0,0
BRDA:47,5,1,3
BRDA:47,6,0,3
BRDA:47,6,1,3
BRDA:51,7,0,3
BRDA:51,7,1,3
BRDA:55,8,0,3
BRDA:55,8,1,0
BRDA:65,9,0,0
BRDA:65,9,1,1
BRDA:65,10,0,1
BRDA:65,10,1,1
BRDA:73,11,0,1
BRDA:73,11,1,0
BRDA:83,12,0,0
BRDA:83,12,1,1
BRDA:91,13,0,1
BRDA:91,13,1,1
BRDA:91,13,2,1
BRDA:91,13,3,1
BRDA:95,14,0,1
BRDA:95,14,1,0
BRDA:105,15,0,0
BRDA:105,15,1,1
BRDA:112,16,0,1
BRDA:112,16,1,1
BRDA:112,16,2,1
BRDA:116,17,0,1
BRDA:116,17,1,0
BRDA:126,18,0,0
BRDA:126,18,1,4
BRDA:126,19,0,4
BRDA:126,19,1,4
BRDA:135,20,0,2
BRDA:135,20,1,2
BRDA:145,21,0,0
BRDA:145,21,1,1
BRDA:145,22,0,1
BRDA:145,22,1,1
BRDA:154,23,0,1
BRDA:154,23,1,0
BRDA:164,24,0,0
BRDA:164,24,1,1
BRDA:164,25,0,1
BRDA:164,25,1,1
BRDA:169,26,0,0
BRDA:169,26,1,1
BRDA:178,27,0,1
BRDA:178,27,1,0
BRDA:178,27,2,0
BRDA:184,28,0,1
BRDA:184,28,1,0
BRDA:194,29,0,0
BRDA:194,29,1,0
BRDA:201,30,0,0
BRDA:201,30,1,0
BRDA:201,30,2,0
BRDA:205,31,0,0
BRDA:205,31,1,0
BRDA:216,32,0,0
BRDA:216,32,1,0
BRDA:221,33,0,0
BRDA:221,33,1,0
BRDA:223,34,0,0
BRDA:223,34,1,0
BRDA:225,35,0,0
BRDA:225,35,1,0
BRDA:225,36,0,0
BRDA:225,36,1,0
BRDA:225,36,2,0
BRDA:231,37,0,0
BRDA:231,37,1,0
BRDA:241,38,0,0
BRDA:241,38,1,0
BRDA:241,39,0,0
BRDA:241,39,1,0
BRDA:250,40,0,0
BRDA:250,40,1,0
BRDA:260,41,0,0
BRDA:260,41,1,1
BRDA:260,42,0,1
BRDA:260,42,1,1
BRDA:264,43,0,1
BRDA:264,43,1,1
BRDA:265,44,0,1
BRDA:265,44,1,1
BRDA:266,45,0,1
BRDA:266,45,1,1
BRDA:268,46,0,1
BRDA:268,46,1,1
BRDA:268,46,2,1
BRDA:272,47,0,1
BRDA:272,47,1,0
BRDA:439,48,0,3
BRDA:439,48,1,1
BRDA:439,49,0,4
BRDA:439,49,1,4
BRDA:448,50,0,1
BRDA:448,50,1,0
BRDA:476,51,0,0
BRDA:476,51,1,0
BRDA:479,52,0,0
BRDA:479,52,1,0
BRDA:585,53,0,0
BRDA:585,53,1,0
BRDA:587,54,0,0
BRDA:587,54,1,0
BRDA:597,55,0,0
BRDA:597,55,1,0
BRDA:610,56,0,0
BRDA:612,57,0,0
BRDA:612,57,1,0
BRDA:626,58,0,0
BRDA:626,58,1,0
BRDA:636,59,0,0
BRDA:636,59,1,0
BRF:126
BRH:62
end_of_record
TN:
SF:app/config/nationalityRequirements.js
FNF:0
FNH:0
DA:1,0
LF:1
LH:0
BRF:0
BRH:0
end_of_record
TN:
SF:app/config/entryGuide/canada.js
FNF:0
FNH:0
DA:4,3
LF:1
LH:1
BRF:0
BRH:0
end_of_record
TN:
SF:app/config/entryGuide/japan.js
FNF:0
FNH:0
DA:4,2
LF:1
LH:1
BRF:0
BRH:0
end_of_record
TN:
SF:app/config/entryGuide/japan.jsx
FNF:0
FNH:0
DA:6,0
LF:1
LH:0
BRF:0
BRH:0
end_of_record
TN:
SF:app/config/entryGuide/korea.js
FNF:0
FNH:0
DA:4,2
LF:1
LH:1
BRF:0
BRH:0
end_of_record
TN:
SF:app/config/entryGuide/malaysia.js
FNF:0
FNH:0
DA:4,2
LF:1
LH:1
BRF:0
BRH:0
end_of_record
TN:
SF:app/config/entryGuide/singapore.js
FNF:0
FNH:0
DA:4,2
LF:1
LH:1
BRF:0
BRH:0
end_of_record
TN:
SF:app/config/entryGuide/thailand.js
FNF:0
FNH:0
DA:4,3
LF:1
LH:1
BRF:0
BRH:0
end_of_record
TN:
SF:app/config/entryGuide/thailand.jsx
FNF:0
FNH:0
DA:6,0
LF:1
LH:0
BRF:0
BRH:0
end_of_record
TN:
SF:app/config/entryGuide/usa.js
FNF:0
FNH:0
DA:4,3
LF:1
LH:1
BRF:0
BRH:0
end_of_record
TN:
SF:app/config/entryGuide/vietnam.js
FNF:0
FNH:0
DA:4,2
LF:1
LH:1
BRF:0
BRH:0
end_of_record
TN:
SF:app/data/nationalities.js
FN:178,(anonymous_0)
FN:182,(anonymous_1)
FN:183,(anonymous_2)
FN:187,(anonymous_3)
FN:188,(anonymous_4)
FN:195,(anonymous_5)
FN:202,(anonymous_6)
FNF:7
FNH:0
FNDA:0,(anonymous_0)
FNDA:0,(anonymous_1)
FNDA:0,(anonymous_2)
FNDA:0,(anonymous_3)
FNDA:0,(anonymous_4)
FNDA:0,(anonymous_5)
FNDA:0,(anonymous_6)
DA:4,6
DA:178,6
DA:179,0
DA:182,6
DA:183,0
DA:184,0
DA:187,6
DA:188,0
DA:195,6
DA:198,0
DA:199,0
DA:201,0
DA:202,0
LF:13
LH:5
BRDA:179,0,0,0
BRDA:179,0,1,0
BRDA:184,1,0,0
BRDA:184,1,1,0
BRF:4
BRH:0
end_of_record
TN:
SF:app/data/phoneCodes.js
FN:46,(anonymous_0)
FNF:1
FNH:0
FNDA:0,(anonymous_0)
DA:2,0
DA:46,0
DA:47,0
LF:3
LH:0
BRDA:47,0,0,0
BRDA:47,0,1,0
BRF:2
BRH:0
end_of_record
TN:
SF:app/data/thailandProvinces.js
FN:92,(anonymous_0)
FN:93,(anonymous_1)
FN:106,(anonymous_2)
FN:107,(anonymous_3)
FN:116,(anonymous_4)
FN:117,(anonymous_5)
FNF:6
FNH:0
FNDA:0,(anonymous_0)
FNDA:0,(anonymous_1)
FNDA:0,(anonymous_2)
FNDA:0,(anonymous_3)
FNDA:0,(anonymous_4)
FNDA:0,(anonymous_5)
DA:6,0
DA:92,0
DA:93,0
DA:94,0
DA:96,0
DA:97,0
DA:98,0
DA:106,0
DA:107,0
DA:108,0
DA:116,0
DA:117,0
DA:118,0
LF:13
LH:0
BRDA:92,0,0,0
BRDA:94,1,0,0
BRDA:94,1,1,0
BRDA:96,2,0,0
BRDA:96,2,1,0
BRDA:97,3,0,0
BRDA:97,3,1,0
BRDA:108,4,0,0
BRDA:108,4,1,0
BRDA:118,5,0,0
BRDA:118,5,1,0
BRF:11
BRH:0
end_of_record
TN:
SF:app/data/travelPurposes.js
FN:111,(anonymous_0)
FN:118,(anonymous_1)
FN:119,(anonymous_2)
FN:125,(anonymous_3)
FN:126,(anonymous_4)
FN:133,(anonymous_5)
FN:137,(anonymous_6)
FN:144,(anonymous_7)
FN:148,(anonymous_8)
FN:155,(anonymous_9)
FN:159,(anonymous_10)
FN:167,(anonymous_11)
FNF:12
FNH:0
FNDA:0,(anonymous_0)
FNDA:0,(anonymous_1)
FNDA:0,(anonymous_2)
FNDA:0,(anonymous_3)
FNDA:0,(anonymous_4)
FNDA:0,(anonymous_5)
FNDA:0,(anonymous_6)
FNDA:0,(anonymous_7)
FNDA:0,(anonymous_8)
FNDA:0,(anonymous_9)
FNDA:0,(anonymous_10)
FNDA:0,(anonymous_11)
DA:4,0
DA:111,0
DA:112,0
DA:113,0
DA:115,0
DA:118,0
DA:119,0
DA:120,0
DA:122,0
DA:125,0
DA:126,0
DA:133,0
DA:135,0
DA:137,0
DA:144,0
DA:146,0
DA:148,0
DA:155,0
DA:157,0
DA:159,0
DA:167,0
DA:168,0
DA:170,0
DA:172,0
DA:212,0
LF:25
LH:0
BRDA:111,0,0,0
BRDA:113,1,0,0
BRDA:113,1,1,0
BRDA:115,2,0,0
BRDA:115,2,1,0
BRDA:115,2,2,0
BRDA:118,3,0,0
BRDA:120,4,0,0
BRDA:120,4,1,0
BRDA:122,5,0,0
BRDA:122,5,1,0
BRDA:125,6,0,0
BRDA:128,7,0,0
BRDA:128,7,1,0
BRDA:129,8,0,0
BRDA:129,8,1,0
BRDA:133,9,0,0
BRDA:139,10,0,0
BRDA:139,10,1,0
BRDA:140,11,0,0
BRDA:140,11,1,0
BRDA:144,12,0,0
BRDA:150,13,0,0
BRDA:150,13,1,0
BRDA:151,14,0,0
BRDA:151,14,1,0
BRDA:155,15,0,0
BRDA:161,16,0,0
BRDA:161,16,1,0
BRDA:162,17,0,0
BRDA:162,17,1,0
BRDA:168,18,0,0
BRDA:168,18,1,0
BRDA:212,19,0,0
BRDA:212,19,1,0
BRF:35
BRH:0
end_of_record
TN:
SF:app/data/visaRequirements.js
FN:10,(anonymous_0)
FNF:1
FNH:0
FNDA:0,(anonymous_0)
DA:10,0
DA:11,0
DA:12,0
DA:17,0
LF:4
LH:0
BRDA:11,0,0,0
BRDA:11,0,1,0
BRDA:12,1,0,0
BRDA:12,1,1,0
BRF:4
BRH:0
end_of_record
TN:
SF:app/i18n/LocaleContext.js
FN:9,(anonymous_0)
FN:33,(anonymous_1)
FN:44,(anonymous_2)
FN:45,(anonymous_3)
FN:48,(anonymous_4)
FN:52,(anonymous_5)
FN:67,(anonymous_6)
FN:73,(anonymous_7)
FN:74,(anonymous_8)
FN:83,(anonymous_9)
FN:92,(anonymous_10)
FN:94,(anonymous_11)
FN:97,(anonymous_12)
FN:98,(anonymous_13)
FN:106,(anonymous_14)
FN:121,(anonymous_15)
FN:136,(anonymous_16)
FN:138,(anonymous_17)
FN:154,(anonymous_18)
FN:155,(anonymous_19)
FN:164,(anonymous_20)
FNF:21
FNH:0
FNDA:0,(anonymous_0)
FNDA:0,(anonymous_1)
FNDA:0,(anonymous_2)
FNDA:0,(anonymous_3)
FNDA:0,(anonymous_4)
FNDA:0,(anonymous_5)
FNDA:0,(anonymous_6)
FNDA:0,(anonymous_7)
FNDA:0,(anonymous_8)
FNDA:0,(anonymous_9)
FNDA:0,(anonymous_10)
FNDA:0,(anonymous_11)
FNDA:0,(anonymous_12)
FNDA:0,(anonymous_13)
FNDA:0,(anonymous_14)
FNDA:0,(anonymous_15)
FNDA:0,(anonymous_16)
FNDA:0,(anonymous_17)
FNDA:0,(anonymous_18)
FNDA:0,(anonymous_19)
FNDA:0,(anonymous_20)
DA:5,5
DA:6,5
DA:7,5
DA:9,5
DA:10,0
DA:13,0
DA:16,0
DA:25,0
DA:28,0
DA:33,5
DA:34,0
DA:35,0
DA:36,0
DA:38,0
DA:42,5
DA:45,0
DA:48,5
DA:49,0
DA:50,0
DA:52,0
DA:53,0
DA:54,0
DA:55,0
DA:56,0
DA:58,0
DA:61,0
DA:64,0
DA:67,5
DA:68,0
DA:71,0
DA:73,0
DA:74,0
DA:75,0
DA:76,0
DA:77,0
DA:78,0
DA:80,0
DA:83,0
DA:85,0
DA:89,0
DA:92,0
DA:93,0
DA:94,0
DA:97,0
DA:98,0
DA:99,0
DA:100,0
DA:102,0
DA:103,0
DA:105,0
DA:106,0
DA:107,0
DA:108,0
DA:109,0
DA:113,0
DA:115,0
DA:116,0
DA:118,0
DA:121,0
DA:122,0
DA:125,0
DA:133,0
DA:136,5
DA:138,5
DA:139,0
DA:140,0
DA:144,5
DA:154,5
DA:155,0
DA:164,5
DA:165,0
DA:166,0
DA:167,0
DA:169,0
DA:170,0
LF:75
LH:13
BRDA:10,0,0,0
BRDA:10,0,1,0
BRDA:13,1,0,0
BRDA:13,1,1,0
BRDA:28,2,0,0
BRDA:28,2,1,0
BRDA:28,2,2,0
BRDA:30,3,0,0
BRDA:30,3,1,0
BRDA:45,4,0,0
BRDA:45,4,1,0
BRDA:49,5,0,0
BRDA:49,5,1,0
BRDA:55,6,0,0
BRDA:55,6,1,0
BRDA:55,7,0,0
BRDA:55,7,1,0
BRDA:64,8,0,0
BRDA:64,8,1,0
BRDA:67,9,0,0
BRDA:69,10,0,0
BRDA:69,10,1,0
BRDA:77,11,0,0
BRDA:77,11,1,0
BRDA:83,12,0,0
BRDA:83,12,1,0
BRDA:93,13,0,0
BRDA:93,13,1,0
BRDA:98,14,0,0
BRDA:99,15,0,0
BRDA:99,15,1,0
BRDA:100,16,0,0
BRDA:100,16,1,0
BRDA:103,17,0,0
BRDA:103,17,1,0
BRDA:105,18,0,0
BRDA:105,18,1,0
BRDA:105,19,0,0
BRDA:105,19,1,0
BRDA:107,20,0,0
BRDA:107,20,1,0
BRDA:115,21,0,0
BRDA:115,21,1,0
BRDA:157,22,0,0
BRDA:157,22,1,0
BRDA:167,23,0,0
BRDA:167,23,1,0
BRF:47
BRH:0
end_of_record
TN:
SF:app/i18n/chineseConverter.js
FN:12,(anonymous_0)
FN:28,(anonymous_1)
FN:49,(anonymous_2)
FN:73,(anonymous_3)
FN:89,(anonymous_4)
FNF:5
FNH:4
FNDA:28657,(anonymous_0)
FNDA:28657,(anonymous_1)
FNDA:3608,(anonymous_2)
FNDA:23,(anonymous_3)
FNDA:0,(anonymous_4)
DA:7,11
DA:10,11
DA:12,11
DA:13,28657
DA:14,11
DA:19,28657
DA:28,11
DA:29,28657
DA:30,28657
DA:32,28657
DA:33,0
DA:34,0
DA:38,28657
DA:39,0
DA:43,28657
DA:44,21901
DA:48,6756
DA:49,3608
DA:53,5821
DA:54,5821
DA:55,5821
DA:57,25026
DA:58,25026
DA:60,5821
DA:64,0
DA:71,11
DA:73,11
DA:74,23
DA:76,23
DA:77,0
DA:80,23
DA:81,23
DA:83,23
DA:89,11
DA:90,0
DA:93,11
LF:36
LH:30
BRDA:13,0,0,11
BRDA:13,0,1,28646
BRDA:32,1,0,0
BRDA:32,1,1,28657
BRDA:38,2,0,0
BRDA:38,2,1,28657
BRDA:38,3,0,28657
BRDA:38,3,1,28657
BRDA:43,4,0,21901
BRDA:43,4,1,6756
BRDA:48,5,0,935
BRDA:48,5,1,5821
BRDA:53,6,0,5821
BRDA:53,6,1,0
BRDA:76,7,0,0
BRDA:76,7,1,23
BRF:16
BRH:12
end_of_record
TN:
SF:app/i18n/locales.js
FN:4,(anonymous_0)
FN:7,(anonymous_1)
FN:14,(anonymous_2)
FN:4738,(anonymous_3)
FN:4752,(anonymous_4)
FN:4760,(anonymous_5)
FN:4764,(anonymous_6)
FN:4807,(anonymous_7)
FNF:8
FNH:6
FNDA:19305,(anonymous_0)
FNDA:3608,(anonymous_1)
FNDA:12188,(anonymous_2)
FNDA:11,(anonymous_3)
FNDA:99,(anonymous_4)
FNDA:0,(anonymous_5)
FNDA:278,(anonymous_6)
FNDA:0,(anonymous_7)
DA:4,11
DA:5,19305
DA:7,11
DA:8,3608
DA:9,0
DA:12,3608
DA:14,3608
DA:15,12188
DA:16,12188
DA:18,12188
DA:19,3509
DA:21,8679
DA:25,3608
DA:28,11
DA:31,11
DA:34,11
DA:44,11
DA:4738,11
DA:4739,11
DA:4740,11
DA:4741,11
DA:4745,11
DA:4752,11
DA:4753,99
DA:4754,11
DA:4756,88
DA:4757,88
DA:4760,11
DA:4761,0
DA:4764,11
DA:4765,278
DA:4766,278
DA:4769,278
DA:4770,1105
DA:4771,1104
DA:4773,1
DA:4774,1
DA:4779,278
DA:4780,0
DA:4781,0
DA:4782,0
DA:4783,0
DA:4784,0
DA:4786,0
DA:4787,0
DA:4793,278
DA:4794,1
DA:4795,1
DA:4796,2
DA:4797,1
DA:4799,1
DA:4800,1
DA:4806,278
DA:4807,0
DA:4810,278
LF:55
LH:45
BRDA:5,0,0,19305
BRDA:5,0,1,19305
BRDA:5,0,2,11407
BRDA:7,1,0,0
BRDA:7,2,0,0
BRDA:8,3,0,0
BRDA:8,3,1,3608
BRDA:9,4,0,0
BRDA:9,4,1,0
BRDA:14,5,0,3608
BRDA:14,5,1,0
BRDA:18,6,0,3509
BRDA:18,6,1,8679
BRDA:18,7,0,12188
BRDA:18,7,1,3509
BRDA:4753,8,0,11
BRDA:4753,8,1,88
BRDA:4756,9,0,88
BRDA:4756,9,1,22
BRDA:4761,10,0,0
BRDA:4761,10,1,0
BRDA:4764,11,0,278
BRDA:4770,12,0,1104
BRDA:4770,12,1,1
BRDA:4770,13,0,1105
BRDA:4770,13,1,1105
BRDA:4770,13,2,1105
BRDA:4779,14,0,0
BRDA:4779,14,1,278
BRDA:4779,15,0,278
BRDA:4779,15,1,1
BRDA:4783,16,0,0
BRDA:4783,16,1,0
BRDA:4783,17,0,0
BRDA:4783,17,1,0
BRDA:4783,17,2,0
BRDA:4793,18,0,1
BRDA:4793,18,1,277
BRDA:4796,19,0,1
BRDA:4796,19,1,1
BRDA:4796,20,0,2
BRDA:4796,20,1,2
BRDA:4796,20,2,2
BRDA:4806,21,0,0
BRDA:4806,21,1,278
BRDA:4806,22,0,278
BRDA:4806,22,1,278
BRDA:4807,23,0,0
BRDA:4807,23,1,0
BRF:49
BRH:32
end_of_record
TN:
SF:app/i18n/translations/index.js
FN:18,(anonymous_0)
FN:28,(anonymous_1)
FNF:2
FNH:2
FNDA:33,(anonymous_0)
FNDA:33,(anonymous_1)
DA:2,11
DA:4,11
DA:5,11
DA:6,11
DA:7,11
DA:8,11
DA:11,11
DA:12,11
DA:14,11
DA:19,33
DA:20,11
DA:22,33
DA:29,33
DA:30,0
DA:32,33
DA:36,11
DA:37,11
DA:38,11
LF:18
LH:17
BRDA:19,0,0,11
BRDA:19,0,1,22
BRDA:29,1,0,0
BRDA:29,1,1,33
BRF:4
BRH:3
end_of_record
TN:
SF:app/models/DigitalArrivalCard.js
FN:9,(anonymous_0)
FN:38,(anonymous_1)
FN:46,(anonymous_2)
FN:85,(anonymous_3)
FN:107,(anonymous_4)
FN:110,(anonymous_5)
FN:127,(anonymous_6)
FN:151,(anonymous_7)
FN:168,(anonymous_8)
FNF:9
FNH:0
FNDA:0,(anonymous_0)
FNDA:0,(anonymous_1)
FNDA:0,(anonymous_2)
FNDA:0,(anonymous_3)
FNDA:0,(anonymous_4)
FNDA:0,(anonymous_5)
FNDA:0,(anonymous_6)
FNDA:0,(anonymous_7)
FNDA:0,(anonymous_8)
DA:10,0
DA:11,0
DA:12,0
DA:13,0
DA:14,0
DA:15,0
DA:16,0
DA:17,0
DA:18,0
DA:19,0
DA:20,0
DA:21,0
DA:22,0
DA:23,0
DA:24,0
DA:25,0
DA:26,0
DA:27,0
DA:28,0
DA:29,0
DA:30,0
DA:31,0
DA:39,0
DA:47,0
DA:48,0
DA:49,0
DA:73,0
DA:75,0
DA:76,0
DA:86,0
DA:87,0
DA:88,0
DA:89,0
DA:91,0
DA:97,0
DA:98,0
DA:108,0
DA:109,0
DA:110,0
DA:116,0
DA:117,0
DA:128,0
DA:129,0
DA:130,0
DA:131,0
DA:133,0
DA:139,0
DA:140,0
DA:152,0
DA:153,0
DA:154,0
DA:155,0
DA:156,0
DA:157,0
DA:159,0
DA:160,0
DA:169,0
LF:57
LH:0
BRDA:9,0,0,0
BRDA:10,1,0,0
BRDA:10,1,1,0
BRDA:15,2,0,0
BRDA:15,2,1,0
BRDA:16,3,0,0
BRDA:16,3,1,0
BRDA:17,4,0,0
BRDA:17,4,1,0
BRDA:18,5,0,0
BRDA:18,5,1,0
BRDA:19,6,0,0
BRDA:19,6,1,0
BRDA:20,7,0,0
BRDA:20,7,1,0
BRDA:21,8,0,0
BRDA:21,8,1,0
BRDA:22,9,0,0
BRDA:22,9,1,0
BRDA:23,10,0,0
BRDA:23,10,1,0
BRDA:24,11,0,0
BRDA:24,11,1,0
BRDA:25,12,0,0
BRDA:25,12,1,0
BRDA:26,13,0,0
BRDA:26,13,1,0
BRDA:27,14,0,0
BRDA:27,14,1,0
BRDA:28,15,0,0
BRDA:28,15,1,0
BRDA:29,16,0,0
BRDA:29,16,1,0
BRDA:30,17,0,0
BRDA:30,17,1,0
BRDA:31,18,0,0
BRDA:31,18,1,0
BRDA:61,19,0,0
BRDA:61,19,1,0
BRDA:64,20,0,0
BRDA:64,20,1,0
BRDA:88,21,0,0
BRDA:88,21,1,0
BRDA:93,22,0,0
BRDA:93,22,1,0
BRDA:94,23,0,0
BRDA:94,23,1,0
BRDA:112,24,0,0
BRDA:112,24,1,0
BRDA:113,25,0,0
BRDA:113,25,1,0
BRDA:130,26,0,0
BRDA:130,26,1,0
BRDA:135,27,0,0
BRDA:135,27,1,0
BRDA:136,28,0,0
BRDA:136,28,1,0
BRF:57
BRH:0
end_of_record
TN:
SF:app/models/EntryData.js
FN:15,(anonymous_0)
FN:45,(anonymous_1)
FN:53,(anonymous_2)
FN:79,(anonymous_3)
FN:110,(anonymous_4)
FN:155,(anonymous_5)
FN:184,(anonymous_6)
FN:239,(anonymous_7)
FN:270,(anonymous_8)
FN:287,(anonymous_9)
FNF:10
FNH:0
FNDA:0,(anonymous_0)
FNDA:0,(anonymous_1)
FNDA:0,(anonymous_2)
FNDA:0,(anonymous_3)
FNDA:0,(anonymous_4)
FNDA:0,(anonymous_5)
FNDA:0,(anonymous_6)
FNDA:0,(anonymous_7)
FNDA:0,(anonymous_8)
FNDA:0,(anonymous_9)
DA:16,0
DA:17,0
DA:20,0
DA:21,0
DA:24,0
DA:27,0
DA:28,0
DA:31,0
DA:32,0
DA:35,0
DA:36,0
DA:37,0
DA:38,0
DA:46,0
DA:54,0
DA:57,0
DA:58,0
DA:61,0
DA:62,0
DA:66,0
DA:67,0
DA:69,0
DA:80,0
DA:81,0
DA:84,0
DA:85,0
DA:86,0
DA:90,0
DA:91,0
DA:95,0
DA:96,0
DA:99,0
DA:111,0
DA:113,0
DA:114,0
DA:115,0
DA:116,0
DA:121,0
DA:124,0
DA:125,0
DA:139,0
DA:145,0
DA:146,0
DA:156,0
DA:158,0
DA:162,0
DA:173,0
DA:175,0
DA:176,0
DA:185,0
DA:186,0
DA:205,0
DA:206,0
DA:207,0
DA:209,0
DA:212,0
DA:213,0
DA:214,0
DA:216,0
DA:220,0
DA:221,0
DA:222,0
DA:224,0
DA:228,0
DA:230,0
DA:231,0
DA:240,0
DA:241,0
DA:243,0
DA:261,0
DA:262,0
DA:271,0
DA:288,0
LF:73
LH:0
BRDA:15,0,0,0
BRDA:16,1,0,0
BRDA:16,1,1,0
BRDA:27,2,0,0
BRDA:27,2,1,0
BRDA:28,3,0,0
BRDA:28,3,1,0
BRDA:35,4,0,0
BRDA:35,4,1,0
BRDA:37,5,0,0
BRDA:37,5,1,0
BRDA:38,6,0,0
BRDA:38,6,1,0
BRDA:57,7,0,0
BRDA:57,7,1,0
BRDA:61,8,0,0
BRDA:61,8,1,0
BRDA:81,9,0,0
BRDA:81,9,1,0
BRDA:84,10,0,0
BRDA:84,10,1,0
BRDA:84,11,0,0
BRDA:84,11,1,0
BRDA:84,11,2,0
BRDA:90,12,0,0
BRDA:90,12,1,0
BRDA:90,13,0,0
BRDA:90,13,1,0
BRDA:95,14,0,0
BRDA:95,14,1,0
BRDA:95,15,0,0
BRDA:95,15,1,0
BRDA:110,16,0,0
BRDA:113,17,0,0
BRDA:113,17,1,0
BRDA:115,18,0,0
BRDA:115,18,1,0
BRDA:124,19,0,0
BRDA:124,19,1,0
BRDA:164,20,0,0
BRDA:164,20,1,0
BRDA:205,21,0,0
BRDA:205,21,1,0
BRDA:212,22,0,0
BRDA:212,22,1,0
BRDA:220,23,0,0
BRDA:220,23,1,0
BRDA:287,24,0,0
BRDA:287,25,0,0
BRDA:287,26,0,0
BRDA:293,27,0,0
BRDA:293,27,1,0
BRF:52
BRH:0
end_of_record
TN:
SF:app/models/EntryInfo.js
FN:11,(anonymous_0)
FN:46,(anonymous_1)
FN:49,(anonymous_2)
FN:58,(anonymous_3)
FN:77,(anonymous_4)
FN:88,(anonymous_5)
FN:108,(anonymous_6)
FN:109,(anonymous_7)
FN:110,(anonymous_8)
FN:119,(anonymous_9)
FN:120,(anonymous_10)
FN:127,(anonymous_11)
FN:138,(anonymous_12)
FN:144,(anonymous_13)
FN:155,(anonymous_14)
FN:167,(anonymous_15)
FN:178,(anonymous_16)
FN:200,(anonymous_17)
FN:212,(anonymous_18)
FN:221,(anonymous_19)
FN:232,(anonymous_20)
FN:240,(anonymous_21)
FN:248,(anonymous_22)
FN:256,(anonymous_23)
FN:264,(anonymous_24)
FN:282,(anonymous_25)
FN:310,(anonymous_26)
FN:335,(anonymous_27)
FN:349,(anonymous_28)
FN:373,(anonymous_29)
FN:387,(anonymous_30)
FN:401,(anonymous_31)
FNF:32
FNH:0
FNDA:0,(anonymous_0)
FNDA:0,(anonymous_1)
FNDA:0,(anonymous_2)
FNDA:0,(anonymous_3)
FNDA:0,(anonymous_4)
FNDA:0,(anonymous_5)
FNDA:0,(anonymous_6)
FNDA:0,(anonymous_7)
FNDA:0,(anonymous_8)
FNDA:0,(anonymous_9)
FNDA:0,(anonymous_10)
FNDA:0,(anonymous_11)
FNDA:0,(anonymous_12)
FNDA:0,(anonymous_13)
FNDA:0,(anonymous_14)
FNDA:0,(anonymous_15)
FNDA:0,(anonymous_16)
FNDA:0,(anonymous_17)
FNDA:0,(anonymous_18)
FNDA:0,(anonymous_19)
FNDA:0,(anonymous_20)
FNDA:0,(anonymous_21)
FNDA:0,(anonymous_22)
FNDA:0,(anonymous_23)
FNDA:0,(anonymous_24)
FNDA:0,(anonymous_25)
FNDA:0,(anonymous_26)
FNDA:0,(anonymous_27)
FNDA:0,(anonymous_28)
FNDA:0,(anonymous_29)
FNDA:0,(anonymous_30)
FNDA:0,(anonymous_31)
DA:12,0
DA:15,0
DA:23,0
DA:26,0
DA:29,0
DA:30,0
DA:33,0
DA:48,0
DA:49,0
DA:50,0
DA:57,0
DA:58,0
DA:59,0
DA:60,0
DA:61,0
DA:64,0
DA:65,0
DA:68,0
DA:70,0
DA:77,0
DA:78,0
DA:80,0
DA:87,0
DA:88,0
DA:89,0
DA:90,0
DA:92,0
DA:99,0
DA:101,0
DA:109,0
DA:110,0
DA:112,0
DA:120,0
DA:128,0
DA:136,0
DA:137,0
DA:138,0
DA:142,0
DA:143,0
DA:144,0
DA:148,0
DA:149,0
DA:153,0
DA:154,0
DA:155,0
DA:158,0
DA:170,0
DA:179,0
DA:181,0
DA:182,0
DA:185,0
DA:186,0
DA:187,0
DA:190,0
DA:201,0
DA:202,0
DA:204,0
DA:213,0
DA:222,0
DA:223,0
DA:225,0
DA:233,0
DA:241,0
DA:249,0
DA:257,0
DA:265,0
DA:274,0
DA:283,0
DA:285,0
DA:288,0
DA:291,0
DA:293,0
DA:300,0
DA:301,0
DA:311,0
DA:313,0
DA:316,0
DA:321,0
DA:323,0
DA:324,0
DA:336,0
DA:342,0
DA:350,0
DA:352,0
DA:374,0
DA:375,0
DA:376,0
DA:378,0
DA:379,0
DA:388,0
DA:389,0
DA:390,0
DA:392,0
DA:393,0
DA:402,0
DA:403,0
DA:405,0
DA:420,0
DA:421,0
LF:99
LH:0
BRDA:11,0,0,0
BRDA:15,1,0,0
BRDA:15,1,1,0
BRDA:23,2,0,0
BRDA:23,2,1,0
BRDA:26,3,0,0
BRDA:26,3,1,0
BRDA:29,4,0,0
BRDA:29,4,1,0
BRDA:30,5,0,0
BRDA:30,5,1,0
BRDA:33,6,0,0
BRDA:33,6,1,0
BRDA:46,7,0,0
BRDA:46,8,0,0
BRDA:46,9,0,0
BRDA:46,10,0,0
BRDA:49,11,0,0
BRDA:49,11,1,0
BRDA:53,12,0,0
BRDA:53,12,1,0
BRDA:53,13,0,0
BRDA:53,13,1,0
BRDA:60,14,0,0
BRDA:60,14,1,0
BRDA:60,15,0,0
BRDA:60,15,1,0
BRDA:60,15,2,0
BRDA:60,15,3,0
BRDA:64,16,0,0
BRDA:64,16,1,0
BRDA:73,17,0,0
BRDA:73,17,1,0
BRDA:73,18,0,0
BRDA:73,18,1,0
BRDA:78,19,0,0
BRDA:78,19,1,0
BRDA:78,19,2,0
BRDA:81,20,0,0
BRDA:81,20,1,0
BRDA:83,21,0,0
BRDA:83,21,1,0
BRDA:90,22,0,0
BRDA:90,22,1,0
BRDA:90,23,0,0
BRDA:90,23,1,0
BRDA:95,24,0,0
BRDA:95,24,1,0
BRDA:95,25,0,0
BRDA:95,25,1,0
BRDA:112,26,0,0
BRDA:112,26,1,0
BRDA:136,27,0,0
BRDA:136,27,1,0
BRDA:142,28,0,0
BRDA:142,28,1,0
BRDA:148,29,0,0
BRDA:148,29,1,0
BRDA:153,30,0,0
BRDA:153,30,1,0
BRDA:178,31,0,0
BRDA:181,32,0,0
BRDA:181,32,1,0
BRDA:201,33,0,0
BRDA:201,33,1,0
BRDA:212,34,0,0
BRDA:222,35,0,0
BRDA:222,35,1,0
BRDA:240,36,0,0
BRDA:274,37,0,0
BRDA:274,37,1,0
BRDA:282,38,0,0
BRDA:335,39,0,0
BRF:73
BRH:0
end_of_record
TN:
SF:app/models/EntryPackSnapshot.js
FN:9,(anonymous_0)
FN:69,(anonymous_1)
FN:78,(anonymous_2)
FN:87,(anonymous_3)
FN:103,(anonymous_4)
FN:120,(anonymous_5)
FN:136,(anonymous_6)
FN:186,(anonymous_7)
FN:201,(anonymous_8)
FN:209,(anonymous_9)
FN:217,(anonymous_10)
FN:231,(anonymous_11)
FN:242,(anonymous_12)
FN:251,(anonymous_13)
FN:259,(anonymous_14)
FN:270,(anonymous_15)
FN:313,(anonymous_16)
FN:346,(anonymous_17)
FN:364,(anonymous_18)
FN:369,(anonymous_19)
FN:373,(anonymous_20)
FN:377,(anonymous_21)
FN:381,(anonymous_22)
FN:385,(anonymous_23)
FN:389,(anonymous_24)
FN:393,(anonymous_25)
FN:397,(anonymous_26)
FN:410,(anonymous_27)
FN:433,(anonymous_28)
FN:461,(anonymous_29)
FN:463,(anonymous_30)
FN:479,(anonymous_31)
FN:490,(anonymous_32)
FN:508,(anonymous_33)
FN:516,(anonymous_34)
FN:524,(anonymous_35)
FN:538,(anonymous_36)
FN:566,(anonymous_37)
FN:582,(anonymous_38)
FNF:39
FNH:0
FNDA:0,(anonymous_0)
FNDA:0,(anonymous_1)
FNDA:0,(anonymous_2)
FNDA:0,(anonymous_3)
FNDA:0,(anonymous_4)
FNDA:0,(anonymous_5)
FNDA:0,(anonymous_6)
FNDA:0,(anonymous_7)
FNDA:0,(anonymous_8)
FNDA:0,(anonymous_9)
FNDA:0,(anonymous_10)
FNDA:0,(anonymous_11)
FNDA:0,(anonymous_12)
FNDA:0,(anonymous_13)
FNDA:0,(anonymous_14)
FNDA:0,(anonymous_15)
FNDA:0,(anonymous_16)
FNDA:0,(anonymous_17)
FNDA:0,(anonymous_18)
FNDA:0,(anonymous_19)
FNDA:0,(anonymous_20)
FNDA:0,(anonymous_21)
FNDA:0,(anonymous_22)
FNDA:0,(anonymous_23)
FNDA:0,(anonymous_24)
FNDA:0,(anonymous_25)
FNDA:0,(anonymous_26)
FNDA:0,(anonymous_27)
FNDA:0,(anonymous_28)
FNDA:0,(anonymous_29)
FNDA:0,(anonymous_30)
FNDA:0,(anonymous_31)
FNDA:0,(anonymous_32)
FNDA:0,(anonymous_33)
FNDA:0,(anonymous_34)
FNDA:0,(anonymous_35)
FNDA:0,(anonymous_36)
FNDA:0,(anonymous_37)
FNDA:0,(anonymous_38)
DA:11,0
DA:12,0
DA:13,0
DA:14,0
DA:15,0
DA:18,0
DA:19,0
DA:20,0
DA:21,0
DA:24,0
DA:32,0
DA:33,0
DA:34,0
DA:35,0
DA:38,0
DA:41,0
DA:50,0
DA:53,0
DA:62,0
DA:70,0
DA:79,0
DA:80,0
DA:84,0
DA:87,0
DA:88,0
DA:89,0
DA:93,0
DA:105,0
DA:114,0
DA:115,0
DA:118,0
DA:119,0
DA:120,0
DA:121,0
DA:122,0
DA:134,0
DA:135,0
DA:136,0
DA:137,0
DA:138,0
DA:140,0
DA:141,0
DA:144,0
DA:170,0
DA:179,0
DA:187,0
DA:194,0
DA:202,0
DA:210,0
DA:218,0
DA:224,0
DA:232,0
DA:233,0
DA:234,0
DA:235,0
DA:244,0
DA:252,0
DA:261,0
DA:262,0
DA:263,0
DA:271,0
DA:273,0
DA:274,0
DA:277,0
DA:278,0
DA:281,0
DA:282,0
DA:285,0
DA:286,0
DA:289,0
DA:290,0
DA:291,0
DA:294,0
DA:295,0
DA:299,0
DA:300,0
DA:303,0
DA:314,0
DA:316,0
DA:317,0
DA:318,0
DA:322,0
DA:325,0
DA:327,0
DA:334,0
DA:336,0
DA:337,0
DA:347,0
DA:348,0
DA:349,0
DA:351,0
DA:353,0
DA:354,0
DA:365,0
DA:366,0
DA:367,0
DA:369,0
DA:372,0
DA:373,0
DA:376,0
DA:377,0
DA:380,0
DA:381,0
DA:384,0
DA:385,0
DA:388,0
DA:389,0
DA:392,0
DA:393,0
DA:397,0
DA:399,0
DA:401,0
DA:402,0
DA:411,0
DA:412,0
DA:415,0
DA:417,0
DA:422,0
DA:424,0
DA:425,0
DA:434,0
DA:463,0
DA:471,0
DA:479,0
DA:480,0
DA:491,0
DA:496,0
DA:509,0
DA:517,0
DA:525,0
DA:539,0
DA:568,0
DA:583,0
LF:133
LH:0
BRDA:9,0,0,0
BRDA:11,1,0,0
BRDA:11,1,1,0
BRDA:19,2,0,0
BRDA:19,2,1,0
BRDA:21,3,0,0
BRDA:21,3,1,0
BRDA:24,4,0,0
BRDA:24,4,1,0
BRDA:32,5,0,0
BRDA:32,5,1,0
BRDA:33,6,0,0
BRDA:33,6,1,0
BRDA:34,7,0,0
BRDA:34,7,1,0
BRDA:35,8,0,0
BRDA:35,8,1,0
BRDA:38,9,0,0
BRDA:38,9,1,0
BRDA:41,10,0,0
BRDA:41,10,1,0
BRDA:50,11,0,0
BRDA:50,11,1,0
BRDA:53,12,0,0
BRDA:53,12,1,0
BRDA:79,13,0,0
BRDA:79,13,1,0
BRDA:79,14,0,0
BRDA:79,14,1,0
BRDA:88,15,0,0
BRDA:88,15,1,0
BRDA:88,16,0,0
BRDA:88,16,1,0
BRDA:103,17,0,0
BRDA:103,18,0,0
BRDA:106,19,0,0
BRDA:106,19,1,0
BRDA:107,20,0,0
BRDA:107,20,1,0
BRDA:108,21,0,0
BRDA:108,21,1,0
BRDA:109,22,0,0
BRDA:109,22,1,0
BRDA:119,23,0,0
BRDA:119,23,1,0
BRDA:121,24,0,0
BRDA:121,24,1,0
BRDA:135,25,0,0
BRDA:135,25,1,0
BRDA:137,26,0,0
BRDA:137,26,1,0
BRDA:140,27,0,0
BRDA:140,27,1,0
BRDA:140,28,0,0
BRDA:140,28,1,0
BRDA:150,29,0,0
BRDA:150,29,1,0
BRDA:163,30,0,0
BRDA:163,30,1,0
BRDA:164,31,0,0
BRDA:164,31,1,0
BRDA:165,32,0,0
BRDA:165,32,1,0
BRDA:188,33,0,0
BRDA:188,33,1,0
BRDA:189,34,0,0
BRDA:189,34,1,0
BRDA:190,35,0,0
BRDA:190,35,1,0
BRDA:191,36,0,0
BRDA:191,36,1,0
BRDA:210,37,0,0
BRDA:210,37,1,0
BRDA:224,38,0,0
BRDA:224,38,1,0
BRDA:244,39,0,0
BRDA:244,39,1,0
BRDA:273,40,0,0
BRDA:273,40,1,0
BRDA:277,41,0,0
BRDA:277,41,1,0
BRDA:281,42,0,0
BRDA:281,42,1,0
BRDA:285,43,0,0
BRDA:285,43,1,0
BRDA:290,44,0,0
BRDA:290,44,1,0
BRDA:290,45,0,0
BRDA:290,45,1,0
BRDA:294,46,0,0
BRDA:294,46,1,0
BRDA:299,47,0,0
BRDA:299,47,1,0
BRDA:299,48,0,0
BRDA:299,48,1,0
BRDA:299,48,2,0
BRDA:299,48,3,0
BRDA:317,49,0,0
BRDA:317,49,1,0
BRDA:351,50,0,0
BRDA:351,50,1,0
BRDA:364,51,0,0
BRDA:369,52,0,0
BRDA:369,52,1,0
BRDA:372,53,0,0
BRDA:372,53,1,0
BRDA:376,54,0,0
BRDA:376,54,1,0
BRDA:380,55,0,0
BRDA:380,55,1,0
BRDA:384,56,0,0
BRDA:384,56,1,0
BRDA:388,57,0,0
BRDA:388,57,1,0
BRDA:392,58,0,0
BRDA:392,58,1,0
BRDA:465,59,0,0
BRDA:465,59,1,0
BRDA:466,60,0,0
BRDA:466,60,1,0
BRDA:467,61,0,0
BRDA:467,61,1,0
BRF:122
BRH:0
end_of_record
TN:
SF:app/models/FundItem.js
FN:6,(anonymous_0)
FN:21,(anonymous_1)
FN:28,(anonymous_2)
FN:53,(anonymous_3)
FN:92,(anonymous_4)
FN:105,(anonymous_5)
FN:119,(anonymous_6)
FN:129,(anonymous_7)
FN:132,(anonymous_8)
FN:151,(anonymous_9)
FNF:10
FNH:0
FNDA:0,(anonymous_0)
FNDA:0,(anonymous_1)
FNDA:0,(anonymous_2)
FNDA:0,(anonymous_3)
FNDA:0,(anonymous_4)
FNDA:0,(anonymous_5)
FNDA:0,(anonymous_6)
FNDA:0,(anonymous_7)
FNDA:0,(anonymous_8)
FNDA:0,(anonymous_9)
DA:7,0
DA:8,0
DA:9,0
DA:10,0
DA:11,0
DA:12,0
DA:13,0
DA:14,0
DA:15,0
DA:22,0
DA:29,0
DA:31,0
DA:32,0
DA:35,0
DA:36,0
DA:39,0
DA:40,0
DA:41,0
DA:44,0
DA:54,0
DA:55,0
DA:56,0
DA:57,0
DA:66,0
DA:67,0
DA:68,0
DA:69,0
DA:74,0
DA:77,0
DA:80,0
DA:81,0
DA:82,0
DA:84,0
DA:85,0
DA:93,0
DA:94,0
DA:95,0
DA:97,0
DA:98,0
DA:106,0
DA:107,0
DA:108,0
DA:109,0
DA:111,0
DA:112,0
DA:120,0
DA:121,0
DA:122,0
DA:124,0
DA:125,0
DA:127,0
DA:129,0
DA:131,0
DA:132,0
DA:133,0
DA:141,0
DA:143,0
DA:144,0
DA:152,0
LF:59
LH:0
BRDA:6,0,0,0
BRDA:7,1,0,0
BRDA:7,1,1,0
BRDA:10,2,0,0
BRDA:10,2,1,0
BRDA:11,3,0,0
BRDA:11,3,1,0
BRDA:12,4,0,0
BRDA:12,4,1,0
BRDA:13,5,0,0
BRDA:13,5,1,0
BRDA:13,5,2,0
BRDA:14,6,0,0
BRDA:14,6,1,0
BRDA:15,7,0,0
BRDA:15,7,1,0
BRDA:31,8,0,0
BRDA:31,8,1,0
BRDA:35,9,0,0
BRDA:35,9,1,0
BRDA:40,10,0,0
BRDA:40,10,1,0
BRDA:40,11,0,0
BRDA:40,11,1,0
BRDA:53,12,0,0
BRDA:66,13,0,0
BRDA:66,13,1,0
BRDA:68,14,0,0
BRDA:68,14,1,0
BRDA:109,15,0,0
BRDA:109,15,1,0
BRDA:127,16,0,0
BRDA:127,16,1,0
BRDA:129,17,0,0
BRDA:129,17,1,0
BRF:35
BRH:0
end_of_record
TN:
SF:app/models/Passport.js
FN:12,(anonymous_0)
FN:33,(anonymous_1)
FN:41,(anonymous_2)
FN:49,(anonymous_3)
FN:57,(anonymous_4)
FN:67,(anonymous_5)
FN:74,(anonymous_6)
FN:104,(anonymous_7)
FN:113,(anonymous_8)
FN:121,(anonymous_9)
FN:132,(anonymous_10)
FN:137,(anonymous_11)
FN:208,(anonymous_12)
FN:219,(anonymous_13)
FN:231,(anonymous_14)
FN:242,(anonymous_15)
FN:254,(anonymous_16)
FN:266,(anonymous_17)
FN:291,(anonymous_18)
FN:390,(anonymous_19)
FN:416,(anonymous_20)
FN:434,(anonymous_21)
FN:439,(anonymous_22)
FN:452,(anonymous_23)
FN:468,(anonymous_24)
FN:485,(anonymous_25)
FN:514,(anonymous_26)
FN:533,(anonymous_27)
FN:544,(anonymous_28)
FNF:29
FNH:12
FNDA:14,(anonymous_0)
FNDA:14,(anonymous_1)
FNDA:0,(anonymous_2)
FNDA:0,(anonymous_3)
FNDA:0,(anonymous_4)
FNDA:0,(anonymous_5)
FNDA:0,(anonymous_6)
FNDA:0,(anonymous_7)
FNDA:0,(anonymous_8)
FNDA:0,(anonymous_9)
FNDA:0,(anonymous_10)
FNDA:0,(anonymous_11)
FNDA:0,(anonymous_12)
FNDA:0,(anonymous_13)
FNDA:1,(anonymous_14)
FNDA:1,(anonymous_15)
FNDA:1,(anonymous_16)
FNDA:1,(anonymous_17)
FNDA:13,(anonymous_18)
FNDA:3,(anonymous_19)
FNDA:1,(anonymous_20)
FNDA:0,(anonymous_21)
FNDA:0,(anonymous_22)
FNDA:1,(anonymous_23)
FNDA:0,(anonymous_24)
FNDA:1,(anonymous_25)
FNDA:0,(anonymous_26)
FNDA:0,(anonymous_27)
FNDA:5,(anonymous_28)
DA:13,14
DA:14,14
DA:15,14
DA:16,14
DA:17,14
DA:18,14
DA:19,14
DA:20,14
DA:21,14
DA:22,14
DA:23,14
DA:24,14
DA:25,14
DA:26,14
DA:34,14
DA:42,0
DA:50,0
DA:58,0
DA:59,0
DA:68,0
DA:69,0
DA:73,0
DA:74,0
DA:75,0
DA:76,0
DA:84,0
DA:85,0
DA:86,0
DA:93,0
DA:105,0
DA:106,0
DA:114,0
DA:122,0
DA:123,0
DA:133,0
DA:134,0
DA:137,0
DA:140,0
DA:141,0
DA:142,0
DA:145,0
DA:146,0
DA:149,0
DA:150,0
DA:153,0
DA:154,0
DA:159,0
DA:160,0
DA:164,0
DA:165,0
DA:168,0
DA:169,0
DA:172,0
DA:173,0
DA:176,0
DA:177,0
DA:181,0
DA:182,0
DA:183,0
DA:184,0
DA:185,0
DA:189,0
DA:190,0
DA:191,0
DA:192,0
DA:193,0
DA:197,0
DA:210,0
DA:211,0
DA:220,0
DA:221,0
DA:223,0
DA:224,0
DA:232,1
DA:233,0
DA:234,0
DA:235,0
DA:243,1
DA:244,0
DA:245,0
DA:246,0
DA:247,0
DA:255,1
DA:256,0
DA:257,0
DA:258,0
DA:259,0
DA:267,1
DA:292,13
DA:293,13
DA:294,13
DA:295,13
DA:305,13
DA:306,13
DA:307,13
DA:310,13
DA:311,0
DA:312,0
DA:313,0
DA:314,0
DA:315,0
DA:316,0
DA:317,0
DA:319,0
DA:322,13
DA:323,13
DA:327,13
DA:330,13
DA:338,13
DA:339,13
DA:341,13
DA:342,12
DA:344,13
DA:345,12
DA:347,13
DA:348,12
DA:350,13
DA:351,0
DA:353,13
DA:354,12
DA:356,13
DA:357,0
DA:359,13
DA:360,0
DA:362,13
DA:363,0
DA:365,13
DA:366,13
DA:370,13
DA:371,13
DA:373,13
DA:374,13
DA:376,0
DA:377,0
DA:378,0
DA:379,0
DA:391,3
DA:394,3
DA:396,0
DA:399,3
DA:402,3
DA:404,0
DA:406,0
DA:407,0
DA:417,1
DA:418,1
DA:419,0
DA:420,0
DA:422,1
DA:423,1
DA:435,0
DA:436,0
DA:437,0
DA:439,0
DA:441,0
DA:442,0
DA:453,1
DA:456,1
DA:457,1
DA:459,0
DA:460,0
DA:469,0
DA:486,1
DA:515,0
DA:534,0
DA:535,0
DA:537,0
DA:545,5
DA:546,1
DA:549,4
DA:550,4
LF:171
LH:67
BRDA:12,0,0,0
BRDA:13,1,0,14
BRDA:13,1,1,14
BRDA:24,2,0,14
BRDA:24,2,1,11
BRDA:25,3,0,14
BRDA:25,3,1,14
BRDA:26,4,0,14
BRDA:26,4,1,14
BRDA:42,5,0,0
BRDA:42,5,1,0
BRDA:59,6,0,0
BRDA:59,6,1,0
BRDA:68,7,0,0
BRDA:68,7,1,0
BRDA:73,8,0,0
BRDA:73,8,1,0
BRDA:75,9,0,0
BRDA:75,9,1,0
BRDA:85,10,0,0
BRDA:85,10,1,0
BRDA:123,11,0,0
BRDA:123,11,1,0
BRDA:123,11,2,0
BRDA:132,12,0,0
BRDA:134,13,0,0
BRDA:137,14,0,0
BRDA:137,14,1,0
BRDA:137,14,2,0
BRDA:140,15,0,0
BRDA:140,15,1,0
BRDA:141,16,0,0
BRDA:141,16,1,0
BRDA:145,17,0,0
BRDA:145,17,1,0
BRDA:149,18,0,0
BRDA:149,18,1,0
BRDA:153,19,0,0
BRDA:153,19,1,0
BRDA:159,20,0,0
BRDA:159,20,1,0
BRDA:159,21,0,0
BRDA:159,21,1,0
BRDA:164,22,0,0
BRDA:164,22,1,0
BRDA:164,23,0,0
BRDA:164,23,1,0
BRDA:168,24,0,0
BRDA:168,24,1,0
BRDA:168,25,0,0
BRDA:168,25,1,0
[...]
BRDA:421,66,0,0
BRDA:421,66,1,0
BRDA:421,67,0,0
BRDA:421,67,1,0
BRDA:422,68,0,0
BRDA:422,68,1,0
BRDA:422,69,0,0
BRDA:422,69,1,0
BRDA:427,70,0,0
BRDA:427,70,1,0
BRDA:427,71,0,0
BRDA:427,71,1,0
BRDA:428,72,0,0
BRDA:428,72,1,0
BRDA:428,73,0,0
BRDA:428,73,1,0
BRDA:429,74,0,0
BRDA:429,74,1,0
BRDA:429,75,0,0
BRDA:429,75,1,0
BRDA:434,76,0,0
BRDA:434,76,1,0
BRDA:434,77,0,0
BRDA:434,77,1,0
BRDA:435,78,0,0
BRDA:435,78,1,0
BRDA:435,79,0,0
BRDA:435,79,1,0
BRDA:436,80,0,0
BRDA:436,80,1,0
BRDA:436,81,0,0
BRDA:436,81,1,0
BRDA:441,82,0,0
BRDA:441,82,1,0
BRDA:442,83,0,0
BRDA:442,83,1,0
BRDA:452,84,0,0
BRDA:453,85,0,0
BRDA:453,85,1,0
BRDA:453,86,0,0
BRDA:453,86,1,0
BRDA:467,87,0,0
BRDA:467,87,1,0
BRDA:482,88,0,0
BRDA:483,89,0,0
BRDA:483,89,1,0
BRDA:483,90,0,0
BRDA:483,90,1,0
BRDA:485,91,0,0
BRDA:485,91,1,0
BRDA:502,92,0,0
BRDA:502,92,1,0
BRDA:504,93,0,0
BRDA:504,93,1,0
BRDA:509,94,0,0
BRDA:509,94,1,0
BRDA:511,95,0,0
BRDA:511,95,1,0
BRDA:514,96,0,0
BRDA:514,96,1,0
BRDA:518,97,0,0
BRDA:518,97,1,0
BRDA:543,98,0,0
BRDA:543,98,1,0
BRDA:549,99,0,0
BRDA:549,99,1,0
BRDA:556,100,0,0
BRDA:556,100,1,0
BRDA:563,101,0,0
BRDA:563,101,1,0
BRDA:619,102,0,0
BRDA:619,102,1,0
BRF:200
BRH:0
end_of_record
TN:
SF:app/utils/thailand/index.js
FNF:0
FNH:0
LF:0
LH:0
BRF:0
BRH:0
end_of_record
TN:
SF:app/utils/validation/DataValidator.js
FN:7,(anonymous_0)
FN:152,(anonymous_1)
FN:161,(anonymous_2)
FN:170,(anonymous_3)
FN:179,(anonymous_4)
FN:188,(anonymous_5)
FN:200,(anonymous_6)
FN:208,(anonymous_7)
FN:216,(anonymous_8)
FN:224,(anonymous_9)
FN:237,(anonymous_10)
FN:267,(anonymous_11)
FN:332,(anonymous_12)
FN:357,(anonymous_13)
FN:379,(anonymous_14)
FN:410,(anonymous_15)
FN:435,(anonymous_16)
FN:461,(anonymous_17)
FN:487,(anonymous_18)
FN:523,(anonymous_19)
FN:555,(anonymous_20)
FN:573,(anonymous_21)
FNF:22
FNH:0
FNDA:0,(anonymous_0)
FNDA:0,(anonymous_1)
FNDA:0,(anonymous_2)
FNDA:0,(anonymous_3)
FNDA:0,(anonymous_4)
FNDA:0,(anonymous_5)
FNDA:0,(anonymous_6)
FNDA:0,(anonymous_7)
FNDA:0,(anonymous_8)
FNDA:0,(anonymous_9)
FNDA:0,(anonymous_10)
FNDA:0,(anonymous_11)
FNDA:0,(anonymous_12)
FNDA:0,(anonymous_13)
FNDA:0,(anonymous_14)
FNDA:0,(anonymous_15)
FNDA:0,(anonymous_16)
FNDA:0,(anonymous_17)
FNDA:0,(anonymous_18)
FNDA:0,(anonymous_19)
FNDA:0,(anonymous_20)
FNDA:0,(anonymous_21)
DA:8,0
DA:153,0
DA:162,0
DA:171,0
DA:180,0
DA:189,0
DA:196,0
DA:197,0
DA:198,0
DA:199,0
DA:200,0
DA:204,0
DA:205,0
DA:206,0
DA:207,0
DA:208,0
DA:212,0
DA:213,0
DA:214,0
DA:215,0
DA:216,0
DA:220,0
DA:221,0
DA:222,0
DA:223,0
DA:224,0
DA:228,0
DA:238,0
DA:239,0
DA:241,0
DA:242,0
DA:243,0
DA:245,0
DA:246,0
DA:247,0
DA:249,0
DA:253,0
DA:268,0
DA:271,0
DA:272,0
DA:273,0
DA:277,0
DA:278,0
DA:282,0
DA:283,0
DA:287,0
DA:288,0
DA:289,0
DA:292,0
DA:293,0
DA:296,0
DA:297,0
DA:302,0
DA:303,0
DA:304,0
DA:307,0
DA:308,0
DA:313,0
DA:314,0
DA:315,0
DA:316,0
DA:317,0
DA:320,0
DA:324,0
DA:333,0
DA:334,0
DA:335,0
DA:337,0
DA:338,0
DA:341,0
DA:342,0
DA:345,0
DA:346,0
DA:349,0
DA:358,0
DA:359,0
DA:361,0
DA:362,0
DA:366,0
DA:367,0
DA:368,0
DA:371,0
DA:380,0
DA:381,0
DA:385,0
DA:388,0
DA:389,0
DA:390,0
DA:393,0
DA:394,0
DA:395,0
DA:398,0
DA:399,0
DA:402,0
DA:411,0
DA:412,0
DA:415,0
DA:416,0
DA:419,0
DA:420,0
DA:423,0
DA:424,0
DA:427,0
DA:436,0
DA:437,0
DA:440,0
DA:441,0
DA:442,0
DA:446,0
DA:447,0
DA:448,0
DA:451,0
DA:462,0
DA:463,0
DA:466,0
DA:467,0
DA:469,0
DA:470,0
DA:474,0
DA:475,0
DA:476,0
DA:479,0
DA:488,0
DA:489,0
DA:493,0
DA:494,0
DA:495,0
DA:499,0
DA:500,0
DA:501,0
DA:504,0
DA:505,0
DA:506,0
DA:510,0
DA:511,0
DA:514,0
DA:524,0
DA:525,0
DA:528,0
DA:530,0
DA:532,0
DA:533,0
DA:537,0
DA:538,0
DA:539,0
DA:541,0
DA:543,0
DA:547,0
DA:556,0
DA:558,0
DA:575,0
DA:579,0
DA:581,0
DA:582,0
DA:584,0
DA:585,0
DA:587,0
DA:588,0
DA:590,0
DA:591,0
DA:593,0
DA:594,0
DA:596,0
DA:599,0
DA:609,0
LF:165
LH:0
BRDA:196,0,0,0
BRDA:196,0,1,0
BRDA:198,1,0,0
BRDA:198,1,1,0
BRDA:204,2,0,0
BRDA:204,2,1,0
BRDA:206,3,0,0
BRDA:206,3,1,0
BRDA:212,4,0,0
BRDA:212,4,1,0
BRDA:214,5,0,0
BRDA:214,5,1,0
BRDA:220,6,0,0
BRDA:220,6,1,0
BRDA:222,7,0,0
BRDA:222,7,1,0
BRDA:245,8,0,0
BRDA:245,8,1,0
BRDA:271,9,0,0
BRDA:271,9,1,0
BRDA:271,10,0,0
BRDA:271,10,1,0
BRDA:271,10,2,0
BRDA:271,10,3,0
BRDA:277,11,0,0
BRDA:277,11,1,0
BRDA:277,12,0,0
BRDA:277,12,1,0
BRDA:277,12,2,0
BRDA:277,12,3,0
BRDA:282,13,0,0
BRDA:282,13,1,0
BRDA:282,14,0,0
BRDA:282,14,1,0
BRDA:287,15,0,0
BRDA:287,15,1,0
BRDA:288,16,0,0
BRDA:288,16,1,0
BRDA:288,17,0,0
BRDA:288,17,1,0
BRDA:292,18,0,0
BRDA:292,18,1,0
BRDA:292,19,0,0
BRDA:292,19,1,0
BRDA:296,20,0,0
BRDA:296,20,1,0
BRDA:296,21,0,0
BRDA:296,21,1,0
BRDA:297,22,0,0
BRDA:297,22,1,0
BRDA:302,23,0,0
BRDA:302,23,1,0
BRDA:303,24,0,0
BRDA:303,24,1,0
BRDA:303,25,0,0
BRDA:303,25,1,0
BRDA:307,26,0,0
BRDA:307,26,1,0
BRDA:307,27,0,0
BRDA:307,27,1,0
BRDA:313,28,0,0
BRDA:313,28,1,0
BRDA:313,29,0,0
BRDA:313,29,1,0
BRDA:316,30,0,0
BRDA:316,30,1,0
BRDA:317,31,0,0
BRDA:317,31,1,0
BRDA:317,31,2,0
BRDA:337,32,0,0
BRDA:337,32,1,0
BRDA:341,33,0,0
BRDA:341,33,1,0
BRDA:345,34,0,0
BRDA:345,34,1,0
BRDA:361,35,0,0
BRDA:361,35,1,0
BRDA:367,36,0,0
BRDA:367,36,1,0
BRDA:380,37,0,0
BRDA:380,37,1,0
BRDA:380,38,0,0
BRDA:380,38,1,0
BRDA:389,39,0,0
BRDA:389,39,1,0
BRDA:394,40,0,0
BRDA:394,40,1,0
BRDA:398,41,0,0
BRDA:398,41,1,0
BRDA:411,42,0,0
BRDA:411,42,1,0
BRDA:411,43,0,0
BRDA:411,43,1,0
BRDA:415,44,0,0
BRDA:415,44,1,0
BRDA:415,45,0,0
BRDA:415,45,1,0
BRDA:419,46,0,0
BRDA:419,46,1,0
BRDA:419,47,0,0
BRDA:419,47,1,0
BRDA:423,48,0,0
BRDA:423,48,1,0
BRDA:423,49,0,0
BRDA:423,49,1,0
BRDA:441,50,0,0
BRDA:441,50,1,0
BRDA:447,51,0,0
BRDA:447,51,1,0
BRDA:462,52,0,0
BRDA:462,52,1,0
BRDA:469,53,0,0
BRDA:469,53,1,0
BRDA:475,54,0,0
BRDA:475,54,1,0
BRDA:488,55,0,0
BRDA:488,55,1,0
BRDA:488,56,0,0
BRDA:488,56,1,0
BRDA:494,57,0,0
BRDA:494,57,1,0
BRDA:500,58,0,0
BRDA:500,58,1,0
BRDA:505,59,0,0
BRDA:505,59,1,0
BRDA:505,60,0,0
BRDA:505,60,1,0
BRDA:510,61,0,0
BRDA:510,61,1,0
BRDA:523,62,0,0
BRDA:524,63,0,0
BRDA:524,63,1,0
BRDA:524,64,0,0
BRDA:524,64,1,0
BRDA:532,65,0,0
BRDA:532,65,1,0
BRDA:532,66,0,0
BRDA:532,66,1,0
BRDA:537,67,0,0
BRDA:537,67,1,0
BRDA:539,68,0,0
BRDA:539,68,1,0
BRDA:539,69,0,0
BRDA:539,69,1,0
BRDA:556,70,0,0
BRDA:556,70,1,0
BRDA:579,71,0,0
BRDA:579,71,1,0
BRDA:579,71,2,0
BRDA:579,71,3,0
BRDA:579,71,4,0
BRDA:579,71,5,0
BRF:152
BRH:0
end_of_record
TN:
SF:app/utils/validation/FormValidationHelper.js
FN:9,(anonymous_0)
FN:89,(anonymous_1)
FN:114,(anonymous_2)
FN:195,(anonymous_3)
FN:220,(anonymous_4)
FN:296,(anonymous_5)
FN:387,(anonymous_6)
FN:424,(anonymous_7)
FN:473,(anonymous_8)
FN:482,(anonymous_9)
FN:492,(anonymous_10)
FN:501,(anonymous_11)
FN:502,(anonymous_12)
FN:503,(anonymous_13)
FN:518,(anonymous_14)
FN:527,(anonymous_15)
FNF:16
FNH:0
FNDA:0,(anonymous_0)
FNDA:0,(anonymous_1)
FNDA:0,(anonymous_2)
FNDA:0,(anonymous_3)
FNDA:0,(anonymous_4)
FNDA:0,(anonymous_5)
FNDA:0,(anonymous_6)
FNDA:0,(anonymous_7)
FNDA:0,(anonymous_8)
FNDA:0,(anonymous_9)
FNDA:0,(anonymous_10)
FNDA:0,(anonymous_11)
FNDA:0,(anonymous_12)
FNDA:0,(anonymous_13)
FNDA:0,(anonymous_14)
FNDA:0,(anonymous_15)
DA:10,0
DA:90,0
DA:91,0
DA:92,0
DA:94,0
DA:95,0
DA:97,0
DA:98,0
DA:102,0
DA:103,0
DA:104,0
DA:107,0
DA:115,0
DA:117,0
DA:118,0
DA:120,0
DA:121,0
DA:124,0
DA:196,0
DA:197,0
DA:198,0
DA:199,0
DA:201,0
DA:202,0
DA:205,0
DA:221,0
DA:222,0
DA:224,0
DA:225,0
DA:228,0
DA:229,0
DA:232,0
DA:233,0
DA:234,0
DA:238,0
DA:239,0
DA:242,0
DA:245,0
DA:246,0
DA:249,0
DA:250,0
DA:254,0
DA:255,0
DA:259,0
DA:260,0
DA:264,0
DA:265,0
DA:266,0
DA:267,0
DA:268,0
DA:270,0
DA:275,0
DA:282,0
DA:283,0
DA:297,0
DA:298,0
DA:313,0
DA:314,0
DA:316,0
DA:317,0
DA:318,0
DA:319,0
DA:321,0
DA:322,0
DA:323,0
DA:325,0
DA:326,0
DA:327,0
DA:328,0
DA:331,0
DA:333,0
DA:334,0
DA:335,0
DA:337,0
DA:339,0
DA:340,0
DA:342,0
DA:343,0
DA:344,0
DA:347,0
DA:348,0
DA:349,0
DA:350,0
DA:356,0
DA:357,0
DA:358,0
DA:360,0
DA:362,0
DA:364,0
DA:367,0
DA:368,0
DA:388,0
DA:390,0
DA:391,0
DA:392,0
DA:393,0
DA:397,0
DA:398,0
DA:399,0
DA:401,0
DA:402,0
DA:405,0
DA:406,0
DA:407,0
DA:408,0
DA:410,0
DA:412,0
DA:413,0
DA:417,0
DA:418,0
DA:425,0
DA:427,0
DA:429,0
DA:430,0
DA:431,0
DA:433,0
DA:434,0
DA:437,0
DA:438,0
DA:439,0
DA:444,0
DA:445,0
DA:446,0
DA:447,0
DA:452,0
DA:453,0
DA:455,0
DA:459,0
DA:460,0
DA:463,0
DA:464,0
DA:465,0
DA:466,0
DA:474,0
DA:475,0
DA:478,0
DA:479,0
DA:482,0
DA:483,0
DA:486,0
DA:493,0
DA:495,0
DA:501,0
DA:502,0
DA:504,0
DA:519,0
DA:521,0
DA:522,0
DA:523,0
DA:525,0
DA:527,0
DA:528,0
DA:530,0
DA:531,0
DA:532,0
DA:533,0
DA:535,0
LF:157
LH:0
BRDA:94,0,0,0
BRDA:94,0,1,0
BRDA:97,1,0,0
BRDA:97,1,1,0
BRDA:103,2,0,0
BRDA:103,2,1,0
BRDA:115,3,0,0
BRDA:115,3,1,0
BRDA:120,4,0,0
BRDA:120,4,1,0
BRDA:201,5,0,0
BRDA:201,5,1,0
BRDA:201,6,0,0
BRDA:201,6,1,0
BRDA:220,7,0,0
BRDA:224,8,0,0
BRDA:224,8,1,0
BRDA:232,9,0,0
BRDA:232,9,1,0
BRDA:232,10,0,0
BRDA:232,10,1,0
BRDA:232,10,2,0
BRDA:232,10,3,0
BRDA:238,11,0,0
BRDA:238,11,1,0
BRDA:238,12,0,0
BRDA:238,12,1,0
BRDA:238,12,2,0
BRDA:245,13,0,0
BRDA:245,13,1,0
BRDA:245,14,0,0
BRDA:245,14,1,0
BRDA:249,15,0,0
BRDA:249,15,1,0
BRDA:249,16,0,0
BRDA:249,16,1,0
BRDA:254,17,0,0
BRDA:254,17,1,0
BRDA:254,18,0,0
BRDA:254,18,1,0
BRDA:255,19,0,0
BRDA:255,19,1,0
BRDA:259,20,0,0
BRDA:259,20,1,0
BRDA:259,21,0,0
BRDA:259,21,1,0
BRDA:264,22,0,0
BRDA:264,22,1,0
BRDA:264,23,0,0
BRDA:264,23,1,0
BRDA:266,24,0,0
BRDA:266,24,1,0
BRDA:267,25,0,0
BRDA:267,25,1,0
BRDA:314,26,0,0
BRDA:314,26,1,0
BRDA:316,27,0,0
BRDA:316,27,1,0
BRDA:317,28,0,0
BRDA:317,28,1,0
BRDA:321,29,0,0
BRDA:321,29,1,0
BRDA:326,30,0,0
BRDA:326,30,1,0
BRDA:327,31,0,0
BRDA:327,31,1,0
BRDA:331,32,0,0
BRDA:331,32,1,0
BRDA:339,33,0,0
BRDA:339,33,1,0
BRDA:347,34,0,0
BRDA:347,34,1,0
BRDA:357,35,0,0
BRDA:357,35,1,0
BRDA:390,36,0,0
BRDA:390,36,1,0
BRDA:390,37,0,0
BRDA:390,37,1,0
BRDA:405,38,0,0
BRDA:405,38,1,0
BRDA:405,39,0,0
BRDA:405,39,1,0
BRDA:405,39,2,0
BRDA:412,40,0,0
BRDA:412,40,1,0
BRDA:412,41,0,0
BRDA:412,41,1,0
BRDA:412,41,2,0
BRDA:429,42,0,0
BRDA:429,42,1,0
BRDA:429,43,0,0
BRDA:429,43,1,0
BRDA:433,44,0,0
BRDA:433,44,1,0
BRDA:438,45,0,0
BRDA:438,45,1,0
BRDA:444,46,0,0
BRDA:444,46,1,0
BRDA:444,47,0,0
BRDA:444,47,1,0
BRDA:446,48,0,0
BRDA:446,48,1,0
BRDA:452,49,0,0
BRDA:452,49,1,0
BRDA:452,50,0,0
BRDA:452,50,1,0
BRDA:453,51,0,0
BRDA:453,51,1,0
BRDA:453,52,0,0
BRDA:453,52,1,0
BRDA:474,53,0,0
BRDA:474,53,1,0
BRDA:474,54,0,0
BRDA:474,54,1,0
BRDA:482,55,0,0
BRDA:482,55,1,0
BRDA:482,56,0,0
BRDA:482,56,1,0
BRDA:482,57,0,0
BRDA:482,57,1,0
BRDA:496,58,0,0
BRDA:496,58,1,0
BRDA:499,59,0,0
BRDA:499,59,1,0
BRDA:504,60,0,0
BRDA:504,60,1,0
BRDA:504,60,2,0
BRDA:521,61,0,0
BRDA:521,61,1,0
BRDA:522,62,0,0
BRDA:522,62,1,0
BRDA:530,63,0,0
BRDA:530,63,1,0
BRDA:530,64,0,0
BRDA:530,64,1,0
BRDA:532,65,0,0
BRDA:532,65,1,0
BRF:137
BRH:0
end_of_record
TN:
SF:app/utils/validation/InputSanitizer.js
FN:7,(anonymous_0)
FN:46,(anonymous_1)
FN:90,(anonymous_2)
FN:112,(anonymous_3)
FN:136,(anonymous_4)
FN:148,(anonymous_5)
FN:163,(anonymous_6)
FN:184,(anonymous_7)
FN:208,(anonymous_8)
FN:238,(anonymous_9)
FN:259,(anonymous_10)
FN:283,(anonymous_11)
FN:287,(anonymous_12)
FN:299,(anonymous_13)
FN:302,(anonymous_14)
FN:314,(anonymous_15)
FN:317,(anonymous_16)
FN:330,(anonymous_17)
FN:346,(anonymous_18)
FN:366,(anonymous_19)
FN:375,(anonymous_20)
FN:386,(anonymous_21)
FN:409,(anonymous_22)
FN:419,(anonymous_23)
FN:427,(anonymous_24)
FN:434,(anonymous_25)
FN:441,(anonymous_26)
FN:470,(anonymous_27)
FN:492,(anonymous_28)
FN:540,(anonymous_29)
FN:564,(anonymous_30)
FNF:31
FNH:0
FNDA:0,(anonymous_0)
FNDA:0,(anonymous_1)
FNDA:0,(anonymous_2)
FNDA:0,(anonymous_3)
FNDA:0,(anonymous_4)
FNDA:0,(anonymous_5)
FNDA:0,(anonymous_6)
FNDA:0,(anonymous_7)
FNDA:0,(anonymous_8)
FNDA:0,(anonymous_9)
FNDA:0,(anonymous_10)
FNDA:0,(anonymous_11)
FNDA:0,(anonymous_12)
FNDA:0,(anonymous_13)
FNDA:0,(anonymous_14)
FNDA:0,(anonymous_15)
FNDA:0,(anonymous_16)
FNDA:0,(anonymous_17)
FNDA:0,(anonymous_18)
FNDA:0,(anonymous_19)
FNDA:0,(anonymous_20)
FNDA:0,(anonymous_21)
FNDA:0,(anonymous_22)
FNDA:0,(anonymous_23)
FNDA:0,(anonymous_24)
FNDA:0,(anonymous_25)
FNDA:0,(anonymous_26)
FNDA:0,(anonymous_27)
FNDA:0,(anonymous_28)
FNDA:0,(anonymous_29)
FNDA:0,(anonymous_30)
DA:9,0
DA:24,0
DA:32,0
DA:47,0
DA:48,0
DA:51,0
DA:54,0
DA:57,0
DA:60,0
DA:61,0
DA:65,0
DA:66,0
DA:70,0
DA:71,0
DA:75,0
DA:78,0
DA:79,0
DA:82,0
DA:91,0
DA:92,0
DA:96,0
DA:99,0
DA:102,0
DA:104,0
DA:113,0
DA:114,0
DA:118,0
DA:121,0
DA:124,0
DA:125,0
DA:128,0
DA:137,0
DA:138,0
DA:142,0
DA:145,0
DA:148,0
DA:151,0
DA:152,0
DA:155,0
DA:164,0
DA:165,0
DA:169,0
DA:172,0
DA:173,0
DA:176,0
DA:185,0
DA:186,0
DA:190,0
DA:193,0
DA:196,0
DA:197,0
DA:200,0
DA:209,0
DA:210,0
DA:214,0
DA:217,0
DA:218,0
DA:219,0
DA:221,0
DA:222,0
DA:223,0
DA:225,0
DA:226,0
DA:230,0
DA:239,0
DA:240,0
DA:244,0
DA:247,0
DA:248,0
DA:251,0
DA:260,0
DA:261,0
DA:265,0
DA:268,0
DA:271,0
DA:272,0
DA:275,0
DA:284,0
DA:287,0
DA:288,0
DA:291,0
DA:300,0
DA:302,0
DA:303,0
DA:306,0
DA:315,0
DA:317,0
DA:318,0
DA:321,0
DA:331,0
DA:332,0
DA:335,0
DA:337,0
DA:338,0
DA:340,0
DA:341,0
DA:343,0
DA:344,0
DA:346,0
DA:347,0
DA:349,0
DA:351,0
DA:354,0
DA:358,0
DA:367,0
DA:375,0
DA:386,0
DA:400,0
DA:410,0
DA:411,0
DA:420,0
DA:421,0
DA:424,0
DA:427,0
DA:428,0
DA:429,0
DA:434,0
DA:435,0
DA:436,0
DA:441,0
DA:442,0
DA:443,0
DA:448,0
DA:449,0
DA:453,0
DA:454,0
DA:455,0
DA:458,0
DA:471,0
DA:472,0
DA:473,0
DA:476,0
DA:477,0
DA:478,0
DA:479,0
DA:480,0
DA:483,0
DA:493,0
DA:500,0
DA:502,0
DA:503,0
DA:504,0
DA:505,0
DA:506,0
DA:510,0
DA:516,0
DA:519,0
DA:520,0
DA:523,0
DA:524,0
DA:531,0
DA:541,0
DA:544,0
DA:545,0
DA:546,0
DA:547,0
DA:549,0
DA:550,0
DA:555,0
DA:565,0
DA:572,0
DA:577,0
LF:162
LH:0
BRDA:46,0,0,0
BRDA:47,1,0,0
BRDA:47,1,1,0
BRDA:47,2,0,0
BRDA:47,2,1,0
BRDA:60,3,0,0
BRDA:60,3,1,0
BRDA:65,4,0,0
BRDA:65,4,1,0
BRDA:70,5,0,0
BRDA:70,5,1,0
BRDA:78,6,0,0
BRDA:78,6,1,0
BRDA:78,7,0,0
BRDA:78,7,1,0
BRDA:91,8,0,0
BRDA:91,8,1,0
BRDA:91,9,0,0
BRDA:91,9,1,0
BRDA:113,10,0,0
BRDA:113,10,1,0
BRDA:113,11,0,0
BRDA:113,11,1,0
BRDA:124,12,0,0
BRDA:124,12,1,0
BRDA:137,13,0,0
BRDA:137,13,1,0
BRDA:137,14,0,0
BRDA:137,14,1,0
BRDA:151,15,0,0
BRDA:151,15,1,0
BRDA:164,16,0,0
BRDA:164,16,1,0
BRDA:164,17,0,0
BRDA:164,17,1,0
BRDA:172,18,0,0
BRDA:172,18,1,0
BRDA:185,19,0,0
BRDA:185,19,1,0
BRDA:185,20,0,0
BRDA:185,20,1,0
BRDA:196,21,0,0
BRDA:196,21,1,0
BRDA:209,22,0,0
BRDA:209,22,1,0
BRDA:209,23,0,0
BRDA:209,23,1,0
BRDA:218,24,0,0
BRDA:218,24,1,0
BRDA:225,25,0,0
BRDA:225,25,1,0
BRDA:225,26,0,0
BRDA:225,26,1,0
BRDA:225,26,2,0
BRDA:225,26,3,0
BRDA:225,26,4,0
BRDA:225,26,5,0
BRDA:239,27,0,0
BRDA:239,27,1,0
BRDA:239,28,0,0
BRDA:239,28,1,0
BRDA:247,29,0,0
BRDA:247,29,1,0
BRDA:260,30,0,0
BRDA:260,30,1,0
BRDA:260,31,0,0
BRDA:260,31,1,0
BRDA:271,32,0,0
BRDA:271,32,1,0
BRDA:330,33,0,0
BRDA:331,34,0,0
BRDA:331,34,1,0
BRDA:331,35,0,0
BRDA:331,35,1,0
BRDA:338,36,0,0
BRDA:338,36,1,0
BRDA:341,37,0,0
BRDA:341,37,1,0
BRDA:344,38,0,0
BRDA:344,38,1,0
BRDA:347,39,0,0
BRDA:347,39,1,0
BRDA:349,40,0,0
BRDA:349,40,1,0
BRDA:349,41,0,0
BRDA:349,41,1,0
BRDA:375,42,0,0
BRDA:375,42,1,0
BRDA:400,43,0,0
BRDA:400,43,1,0
BRDA:420,44,0,0
BRDA:420,44,1,0
BRDA:420,45,0,0
BRDA:420,45,1,0
BRDA:428,46,0,0
BRDA:428,46,1,0
BRDA:435,47,0,0
BRDA:435,47,1,0
BRDA:442,48,0,0
BRDA:442,48,1,0
BRDA:448,49,0,0
BRDA:448,49,1,0
BRDA:454,50,0,0
BRDA:454,50,1,0
BRDA:473,51,0,0
BRDA:473,51,1,0
BRDA:503,52,0,0
BRDA:503,52,1,0
BRDA:505,53,0,0
BRDA:505,53,1,0
BRDA:545,54,0,0
BRDA:545,54,1,0
BRDA:546,55,0,0
BRDA:546,55,1,0
BRDA:546,56,0,0
BRDA:546,56,1,0
BRDA:549,57,0,0
BRDA:549,57,1,0
BRDA:572,58,0,0
BRDA:572,58,1,0
BRF:120
BRH:0
end_of_record
TN:
SF:app/utils/validation/chinaProvinceValidator.js
FN:6,(anonymous_0)
FN:74,(anonymous_1)
FN:81,(anonymous_2)
FN:82,(anonymous_3)
FN:91,(anonymous_4)
FN:98,(anonymous_5)
FNF:6
FNH:5
FNDA:155,(anonymous_0)
FNDA:4,(anonymous_1)
FNDA:66,(anonymous_2)
FNDA:151,(anonymous_3)
FNDA:1,(anonymous_4)
FNDA:0,(anonymous_5)
DA:6,1
DA:7,155
DA:12,1
DA:74,1
DA:75,4
DA:76,0
DA:79,4
DA:81,4
DA:82,151
DA:91,1
DA:98,1
DA:99,0
DA:100,0
LF:13
LH:10
BRDA:6,0,0,0
BRDA:75,1,0,0
BRDA:75,1,1,4
BRDA:75,2,0,4
BRDA:75,2,1,4
BRDA:81,3,0,4
BRDA:81,3,1,1
BRDA:100,4,0,0
BRDA:100,4,1,0
BRDA:100,5,0,0
BRDA:100,5,1,0
BRF:11
BRH:5
end_of_record
TN:
SF:app/utils/validation/index.js
FN:17,(anonymous_0)
FN:52,(anonymous_1)
FN:73,(anonymous_2)
FN:139,(anonymous_3)
FN:263,(anonymous_4)
FN:339,(anonymous_5)
FN:356,(anonymous_6)
FN:376,(anonymous_7)
FN:389,(anonymous_8)
FN:391,(anonymous_9)
FN:406,(anonymous_10)
FNF:11
FNH:0
FNDA:0,(anonymous_0)
FNDA:0,(anonymous_1)
FNDA:0,(anonymous_2)
FNDA:0,(anonymous_3)
FNDA:0,(anonymous_4)
FNDA:0,(anonymous_5)
FNDA:0,(anonymous_6)
FNDA:0,(anonymous_7)
FNDA:0,(anonymous_8)
FNDA:0,(anonymous_9)
FNDA:0,(anonymous_10)
DA:10,0
DA:18,0
DA:19,0
DA:21,0
DA:23,0
DA:25,0
DA:26,0
DA:35,0
DA:41,0
DA:52,0
DA:57,0
DA:58,0
DA:74,0
DA:76,0
DA:82,0
DA:85,0
DA:87,0
DA:88,0
DA:89,0
DA:90,0
DA:92,0
DA:93,0
DA:94,0
DA:95,0
DA:97,0
DA:98,0
DA:99,0
DA:100,0
DA:102,0
DA:103,0
DA:104,0
DA:105,0
DA:107,0
DA:108,0
DA:109,0
DA:110,0
DA:112,0
DA:113,0
DA:116,0
DA:119,0
DA:120,0
DA:121,0
DA:122,0
DA:126,0
DA:127,0
DA:130,0
DA:140,0
DA:142,0
DA:148,0
DA:149,0
DA:150,0
DA:157,0
DA:158,0
DA:159,0
DA:163,0
DA:164,0
DA:166,0
DA:167,0
DA:168,0
DA:169,0
DA:171,0
DA:173,0
DA:174,0
DA:175,0
DA:176,0
DA:178,0
DA:180,0
DA:181,0
DA:182,0
DA:183,0
DA:185,0
DA:187,0
DA:188,0
DA:189,0
DA:190,0
DA:192,0
DA:194,0
DA:195,0
DA:196,0
DA:197,0
DA:199,0
DA:201,0
DA:208,0
DA:209,0
DA:210,0
DA:213,0
DA:214,0
DA:215,0
DA:219,0
DA:220,0
DA:221,0
DA:225,0
DA:226,0
DA:227,0
DA:228,0
DA:229,0
DA:230,0
DA:233,0
DA:234,0
DA:239,0
DA:240,0
DA:241,0
DA:242,0
DA:243,0
DA:247,0
DA:249,0
DA:250,0
DA:251,0
DA:255,0
DA:264,0
DA:331,0
DA:340,0
DA:342,0
DA:343,0
DA:346,0
DA:348,0
DA:349,0
DA:351,0
DA:355,0
DA:356,0
DA:357,0
DA:361,0
DA:362,0
DA:364,0
DA:368,0
DA:377,0
DA:382,0
DA:389,0
DA:390,0
DA:391,0
DA:393,0
DA:394,0
DA:395,0
DA:398,0
DA:399,0
DA:400,0
DA:401,0
DA:406,0
DA:407,0
DA:408,0
DA:410,0
DA:411,0
DA:413,0
DA:418,0
DA:419,0
DA:423,0
DA:424,0
DA:426,0
DA:427,0
DA:428,0
DA:429,0
DA:430,0
DA:433,0
DA:434,0
DA:437,0
LF:155
LH:0
BRDA:25,0,0,0
BRDA:25,0,1,0
BRDA:43,1,0,0
BRDA:43,1,1,0
BRDA:48,2,0,0
BRDA:48,2,1,0
BRDA:85,3,0,0
BRDA:85,3,1,0
BRDA:85,3,2,0
BRDA:85,3,3,0
BRDA:85,3,4,0
BRDA:85,3,5,0
BRDA:89,4,0,0
BRDA:89,4,1,0
BRDA:93,5,0,0
BRDA:93,5,1,0
BRDA:94,6,0,0
BRDA:94,6,1,0
BRDA:98,7,0,0
BRDA:98,7,1,0
BRDA:99,8,0,0
BRDA:99,8,1,0
BRDA:103,9,0,0
BRDA:103,9,1,0
BRDA:104,10,0,0
BRDA:104,10,1,0
BRDA:108,11,0,0
BRDA:108,11,1,0
BRDA:109,12,0,0
BRDA:109,12,1,0
BRDA:113,13,0,0
BRDA:113,13,1,0
BRDA:120,14,0,0
BRDA:120,14,1,0
BRDA:157,15,0,0
BRDA:157,15,1,0
BRDA:157,16,0,0
BRDA:157,16,1,0
BRDA:157,16,2,0
BRDA:159,17,0,0
BRDA:159,17,1,0
BRDA:163,18,0,0
BRDA:163,18,1,0
BRDA:163,19,0,0
BRDA:163,19,1,0
BRDA:164,20,0,0
BRDA:164,20,1,0
BRDA:164,20,2,0
BRDA:164,20,3,0
BRDA:164,20,4,0
BRDA:164,20,5,0
BRDA:167,21,0,0
BRDA:167,21,1,0
BRDA:174,22,0,0
BRDA:174,22,1,0
BRDA:181,23,0,0
BRDA:181,23,1,0
BRDA:188,24,0,0
BRDA:188,24,1,0
BRDA:195,25,0,0
BRDA:195,25,1,0
BRDA:208,26,0,0
BRDA:208,26,1,0
BRDA:208,27,0,0
BRDA:208,27,1,0
BRDA:208,27,2,0
BRDA:213,28,0,0
BRDA:213,28,1,0
BRDA:213,29,0,0
BRDA:213,29,1,0
BRDA:213,29,2,0
BRDA:219,30,0,0
BRDA:219,30,1,0
BRDA:219,31,0,0
BRDA:219,31,1,0
BRDA:219,31,2,0
BRDA:221,32,0,0
BRDA:221,32,1,0
BRDA:225,33,0,0
BRDA:225,33,1,0
BRDA:225,34,0,0
BRDA:225,34,1,0
BRDA:228,35,0,0
BRDA:228,35,1,0
BRDA:239,36,0,0
BRDA:239,36,1,0
BRDA:241,37,0,0
BRDA:241,37,1,0
BRDA:249,38,0,0
BRDA:249,38,1,0
BRDA:331,39,0,0
BRDA:331,39,1,0
BRDA:342,40,0,0
BRDA:342,40,1,0
BRDA:342,41,0,0
BRDA:342,41,1,0
BRDA:349,42,0,0
BRDA:349,42,1,0
BRDA:355,43,0,0
BRDA:355,43,1,0
BRDA:357,44,0,0
BRDA:357,44,1,0
BRDA:361,45,0,0
BRDA:361,45,1,0
BRDA:361,46,0,0
BRDA:361,46,1,0
BRDA:393,47,0,0
BRDA:393,47,1,0
BRDA:393,48,0,0
BRDA:393,48,1,0
BRDA:393,48,2,0
BRDA:393,48,3,0
BRDA:398,49,0,0
BRDA:398,49,1,0
BRDA:398,50,0,0
BRDA:398,50,1,0
BRDA:400,51,0,0
BRDA:400,51,1,0
BRDA:406,52,0,0
BRDA:408,53,0,0
BRDA:408,53,1,0
BRDA:410,54,0,0
BRDA:410,54,1,0
BRDA:410,55,0,0
BRDA:410,55,1,0
BRDA:410,55,2,0
BRDA:418,56,0,0
BRDA:418,56,1,0
BRDA:418,57,0,0
BRDA:418,57,1,0
BRDA:423,58,0,0
BRDA:423,58,1,0
BRDA:426,59,0,0
BRDA:426,59,1,0
BRDA:429,60,0,0
BRDA:429,60,1,0
BRF:136
BRH:0
end_of_record
